-------------------------------------------------------------------------------
Test set: Test.TestAndroidApi
-------------------------------------------------------------------------------
Tests run: 2, Failures: 2, Errors: 0, Skipped: 0, Time elapsed: 113.454 sec <<< FAILURE!
testSearchCnnSite(Test.TestAndroidApi)  Time elapsed: 57.248 sec  <<< FAILURE!
junit.framework.AssertionFailedError: There are no equal objects

Found following differences:

 [0].body
    =>  "Almost two years after President Trump's victory in the 2016 election, and just weeks away from the midterms, comedy legends Dave Chappelle and Jon Stewart laid bare their thoughts on the state of their nation, and warned against ascribing racial or class divisions purely to President Trump's election, or Russian meddling. "Even when they say that Russia influenced the election," Chappelle said, "it's kind of like, is Russia making us racist? Is that who's doing it? Oh OK, oh my God, thank goodness -- I thought it was us." "If they killed the country that way then we're the murder weapon," he joked. In an exclusive interview with Christiane Amanpour for her program on CNN International and PBS, Chappelle said President Trump gets "too much credit" for defining the era. "He's not making the wave, he's surfing it." The 'right thing at the right time' Just days after Election Day 2016, Chappelle delivered "Saturday Night Live's" opening monologue. "I'm going to give him a chance," he said at the time. "And we, the historically disenfranchised, demand that he give us one, too." It was the "right thing at the right time" to say, he now opines. "I'm a black American, so we've -- these feelings that people felt right after the election, we've felt them, many elections consecutively. And to some degree, people overreacted. The alternative to giving him a chance was storming the street." But two years on from that olive branch, the comedian spoke with less optimism. "Is he doing a good job? Am I happy with what he's doing? No, it's been very difficult to watch the last couple of years." After an impromptu joint show last year on the day of a neo-Nazi rally in Charlottesville, Virginia, the two comics have teamed up for a global comedy tour tackling some of America's darkest challenges, including gun violence and the opioid crisis. Stewart, too, said "there was a part of me" that hoped being in the White House would transform the person Trump had been as a candidate. In reality, he now says, "I imagine he walked in that room -- he's like, 'Take that down, take that down, put up dogs playing poker. Can a fellow get some French fries around here?'" "Oddly enough, he transformed the White House, and the White House wasn't able to transform him." Trump versus the press Stewart did not reserve his criticism solely for the President. Pointing fingers at the press, the former "Daily Show" host lamented the ongoing clashes between the White House and the media, arguing that reporting on their own war of words with the White House distracts Americans from the damaging consequences of his policies. "I'm less interested in his insults and more interested in his injuries -- in the people that are being hurt, not the people that are being insulted," Stewart said. "They are personally offended and wounded by this man. He baits them and they dive in.""
    =>  "Almost two years after President Trump's victory in the 2016 election, and just weeks away from the midterms, comedy legends Dave Chappelle and Jon Stewart laid bare their thoughts on the state of their nation, and warned against ascribing racial or class divisions purely to President Trump's election, or Russian meddling. "Even when they say that Russia influenced the election," Chappelle said, "it's kind of like, is Russia making us racist? Is that who's doing it? Oh OK, oh my God, thank goodness -- I thought it was us." "If they killed the country that way then we're the murder weapon," he joked. In an exclusive interview with Christiane Amanpour for her program on CNN International and PBS, Chappelle said President Trump gets "too much credit" for defining the era. "He's not making the wave, he's surfing it." The 'right thing at the right time' Just days after Election Day 2016, Chappelle delivered "Saturday Night Live's" opening monologue. "I'm going to give him a chance," he said at the time. "And we, the historically disenfranchised, demand that he give us one, too." It was the "right thing at the right time" to say, he now opines. "I'm a black American, so we've -- these feelings that people felt right after the election, we've felt them, many elections consecutively. And to some degree, people overreacted. The alternative to giving him a chance was storming the street." But two years on from that olive branch, the comedian spoke with less optimism. "Is he doing a good job? Am I happy with what he's doing? No, it's been very difficult to watch the last couple of years." After an impromptu joint show last year on the day of a neo-Nazi rally in Charlottesville, Virginia, the two comics have teamed up for a global comedy tour tackling some of America's darkest challenges, including gun violence and the opioid crisis. Stewart, too, said "there was a part of me" that hoped being in the White House would transform the person Trump had been as a candidate. In reality, he now says, "I imagine he walked in that room -- he's like, 'Take that down, take that down, put up dogs playing poker. Can a fellow get some French fries around here?'" "Oddly enough, he transformed the White House, and the White House wasn't able to transform him." Trump versus the press Stewart did not reserve his criticism solely for the President. Pointing fingers at the press, the former "Daily Show" host lamented the ongoing clashes between the White House and the media, arguing that reporting on their own war of words with the White House distracts Americans from the damaging consequences of his policies.  "I'm less interested in his insults and more interested in his injuries -- in the people that are being hurt, not the people that are being insulted," Stewart said. "They are personally offended and wounded by this man. He baits them and they dive in.""

 [1].body
    =>  "Santiago Hernan Solari knows what it takes to be a successful Real Madrid player. For his next trick, can he replicate that as interim coach of the La Liga club? If managing the England international team is the "impossible job," then the Real hot seat is surely club football's equivalent -- as Julen Lopetegui quickly discovered when he was sacked on Monday after just two months in charge. Sunday's humiliating 5-1 El Clasico defeat at the Camp Nou left Los Blancos ninth in La Liga, seven points behind the league leaders and proved the final straw for Lopetegui, who was dismissed from his position as Spain coach on the eve of the World Cup after agreeing to take charge of Real for the start of the 2018/2019 season. An official Real statement thanked Lopetegui for his efforts but said the decision "aims to change the dynamics of the first team, when all the objectives of this season are still achievable." "The board considers there to be a large disparity between the quality within the Real Madrid squad, which boasts eight nominees for the next Ballon d'Or award -- an unprecedented number in the club's history -- and the team's results to date." Solari, who has been the Real Madrid B coach, takes over on an interim basis. The club gave no indication of who they would appoint permanently. READ: Lopetegui sacked by Real Madrid 'El Indiecito' Before the international break in mid November, Real plays Melilla in the Copa del Rey, hosts Real Valladolid in La Liga and faces Viktoria Plze? in the Champions League, before traveling to Galicia for an away league game against Celta Vigo. The good news for Solari is that there is a successful precedent for Real president Florentino Perez promoting a Real Madrid B coach to the top job. Zinedine Zidane left his role as Real boss in May this year having led his former club to nine trophies in a two-and-a-half year spell, including three consecutive European titles. He too had coached the Real Madrid B team. Born in Rosario, Argentina -- also the birthplace of Lionel Messi -- Solari was educated at New Jersey's Richard Stockton College in the US, which partly explains why the 42-year-old's English is so good. He likes to read in English to retain his ability to speak the language. Solari's father Eduardo played professionally in Argentina while his brothers David and Esteban also pursued football careers, as did his cousin Augusto. Solari was nicknamed "El Indiecito" -- "the Little Indian" -- which is a nod to his uncle, Jorge Solari, who played in Mexico and was nicknamed "El Indio." READ: Suarez hat-trick helps Barca to El Clasico humbling 'Sexiest player of the year' In Argentina, Solari's career took off at River Plate, where he won the Libertadores Cup in 1996. Three years later he made the move to Spain, joining Atletico Madrid. When Atletico was relegated in 2000, Real moved to sign the Argentine winger. That was the era of the "Galacticos" and Solari played alongside the likes of Zidane, featuring in 204 games and scoring 22 goals in five seasons as a merengue He won the Champions League in 2002 -- it was Solari that started the move that led to Zidane's breathtaking volley against Bayer Leverkusen in the final in Glasgow -- as well as two La Liga titles, two Spanish Supercups, one European Supercup and an Intercontinental Cup. It wasn't just football trophies that Solari won at Real. In 2002, Canal + viewers voted him "The sexiest player of the year." "I thank the people who voted for me, but I'm sure it's rigged," Solari quipped. "We'll see if I'm offered another career in the film industry when I leave." READ: Leicester City -- Healing a broken city after 'horrific time for everybody' Intensely private In 2005, Solari joined Inter Milan and was part of teams that won three successive Serie A titles, before he headed back to South America and played for San Lorenzo, Atlante and Pe?arol. Solari has been described as "highly educated, articulate, philosophical and a lover of books." After retiring he wrote a column for leading Spanish newspaper El Pais. Married with three children, Solari is intensively private and has no visible social media profile. Visit cnn.com/football for more news and videos Back in Europe, he started his coaching career by working with Real Madrid's junior teams, before taking charge of Castilla -- the club's B team -- in 2016. Under Solari, Castilla's results have been mixed -- in his three seasons in charge, the team finished 11th and eighth and is currently fifth in their group. READ: Emotional Mahrez scores winner for Man City on NFL scarred pitch What type of coach will Solari be at Real? Perhaps an interview he gave to El Gr?fico magazine provides a clue. "First you have to see what skills and what characteristics the players have -- who are and will always be the owners of football -- and afterwards know how I want to play, the style. "Later, the football culture of each country, the competition, the opponent, the pitch, the tactics, etc. all influence. All of this is more important than the tactical formation. You can play with a 4-4-1-1 that's very attacking or a 3-4-3 that's very defensive and vice versa.""
    =>  "Santiago Hernan Solari knows what it takes to be a successful Real Madrid player. For his next trick, can he replicate that as interim coach of the La Liga club? If managing the England international team is the "impossible job," then the Real hot seat is surely club football's equivalent -- as Julen Lopetegui quickly discovered when he was sacked on Monday after just two months in charge. Sunday's humiliating 5-1 El Clasico defeat at the Camp Nou left Los Blancos ninth in La Liga, seven points behind the league leaders and proved the final straw for Lopetegui, who was dismissed from his position as Spain coach on the eve of the World Cup after agreeing to take charge of Real for the start of the 2018/2019 season. An official Real statement thanked Lopetegui for his efforts but said the decision "aims to change the dynamics of the first team, when all the objectives of this season are still achievable." "The board considers there to be a large disparity between the quality within the Real Madrid squad, which boasts eight nominees for the next Ballon d'Or award -- an unprecedented number in the club's history -- and the team's results to date." Solari, who has been the Real Madrid B coach, takes over on an interim basis. The club gave no indication of who they would appoint permanently.  READ:  Lopetegui sacked by Real Madrid 'El Indiecito' Before the international break in mid November, Real plays Melilla in the Copa del Rey, hosts Real Valladolid in La Liga and faces Viktoria Plze? in the Champions League, before traveling to Galicia for an away league game against Celta Vigo.  The good news for Solari is that there is a successful precedent for Real president Florentino Perez promoting a Real Madrid B coach to the top job.  Zinedine Zidane left his role as Real boss in May this year having led his former club to nine trophies in a two-and-a-half year spell, including three consecutive European titles. He too had coached the Real Madrid B team. Born in Rosario, Argentina -- also the birthplace of Lionel Messi -- Solari was educated at New Jersey's Richard Stockton College in the US, which partly explains why the 42-year-old's English is so good. He likes to read in English to retain his ability to speak the language. Solari's father Eduardo played professionally in Argentina while his brothers David and Esteban also pursued football careers, as did his cousin Augusto. Solari was nicknamed "El Indiecito" -- "the Little Indian" -- which is a nod to his uncle, Jorge Solari, who played in Mexico and was nicknamed "El Indio." READ: Suarez hat-trick helps Barca to El Clasico humbling 'Sexiest player of the year' In Argentina, Solari's career took off at River Plate, where he won the Libertadores Cup in 1996. Three years later he made the move to Spain, joining Atletico Madrid. When Atletico was relegated in 2000, Real moved to sign the Argentine winger. That was the era of the "Galacticos" and Solari played alongside the likes of Zidane, featuring in 204 games and scoring 22 goals in five seasons as a merengue He won the Champions League in 2002 -- it was Solari that started the move that led to Zidane's breathtaking volley against Bayer Leverkusen in the final in Glasgow -- as well as two La Liga titles, two Spanish Supercups, one European Supercup and an Intercontinental Cup. It wasn't just football trophies that Solari won at Real. In 2002, Canal + viewers voted him "The sexiest player of the year." "I thank the people who voted for me, but I'm sure it's rigged," Solari quipped. "We'll see if I'm offered another career in the film industry when I leave."  READ: Leicester City -- Healing a broken city after 'horrific time for everybody' Intensely private In 2005, Solari joined Inter Milan and was part of teams that won three successive Serie A titles, before he headed back to South America and played for San Lorenzo, Atlante and Pe?arol. Solari has been described as "highly educated, articulate, philosophical and a lover of books." After retiring he wrote a column for leading Spanish newspaper El Pais. Married with three children, Solari is intensively private and has no visible social media profile. Visit cnn.com/football for more news and videos Back in Europe, he started his coaching career by working with Real Madrid's junior teams, before taking charge of Castilla -- the club's B team -- in 2016. Under Solari, Castilla's results have been mixed -- in his three seasons in charge, the team finished 11th and eighth and is currently fifth in their group. READ: Emotional Mahrez scores winner for Man City on NFL scarred pitch What type of coach will Solari be at Real? Perhaps an interview he gave to El Gr?fico magazine provides a clue. "First you have to see what skills and what characteristics the players have -- who are and will always be the owners of football -- and afterwards know how I want to play, the style.  "Later, the football culture of each country, the competition, the opponent, the pitch, the tactics, etc. all influence. All of this is more important than the tactical formation. You can play with a 4-4-1-1 that's very attacking or a 3-4-3 that's very defensive and vice versa.""

 [2].body
    =>  "President Donald Trump is sending 5,200 troops and a slew of military equipment to the southern border, doubling down on one of his favorite base-rallying issues with the midterm elections just days away. The troops, who will be at the border by the end of the week, are being deployed to stop Central American migrants bound for the US, according to Pentagon and Homeland Security officials who spoke Monday. The migrants, who are some 900 miles away from the border, are weeks away from arriving at the border where many reportedly plan to seek asylum. "Our concept of operations is to flow in our military assets with a priority to build up southern Texas, and then Arizona, and then California," Gen. Terrence John O'Shaughnessy said Monday, adding that the soldiers normally assigned weapons will be carrying them at the border. "We'll reinforce along priority points of entry, so as to enhance" the ability of Customs and Border Protection officers to "harden and secure the border." 'Our message ... is simple' The Pentagon will also send medical units, command posts, military police units and strategic airlift capabilities, including four large transport aircraft for deploying CBP personnel and helicopters equipped with sensors to operate at night. There is already enough concertina wire at the border to cover 22 miles, O'Shaughnessy said, with another 150 miles worth available. The general also told reporters that "everything we are doing is in line with and in adherence to Posse Comitatus," the federal statute that forbids the use of the military to enforce domestic law. The troops will supplement extra CBP officers, Border Protection Commissioner Kevin McAleenan said. Speaking in Washington with O'Shaughnessy, the commissioner said that DHS has "at the ready 1,000 CBP officers, including 250 tactical enforcement officers and mobile response team professionals" with training in managing contingencies, including riot control. "Our message to the organizers and participants in the caravan is simple," McAleenan said. "We will not allow a large group to enter to United States in an unsafe manner." Neither McAleenan nor O'Shaughnessy addressed what the extra deployments will cost taxpayers. Critics decried the move as a political stunt meant, in part, to distract from "a serious attempted political assassination and media bombing campaign, and religious and racially motivated shootings." Neera Tanden, president of the Center for American Progress, Rabbi David Saperstein, a former ambassador at large for international religious freedom, and Henry Fernandez, a senior fellow at the Center for American Progress, said in a statement that "President Trump is manufacturing a crisis around the caravan for political gain -- to stoke fears and garner votes for the midterms." The migrant group, they said in a statement, is hundreds of miles away from the US border, is "not threat to the country, it is shrinking in size, unarmed, and filled mostly with women and children. We have laws in place if the migrants reach the border." "We are currently facing real threats, a series of hate crimes and hate-filled violence," they added, pointing to the package bombs sent to prominent Democrats and to CNN, as well as the shooting at a Pittsburgh synagogue and a white man's killing of two black men in Kentucky. Stoking the base "Instead of talking about the real threats and actual murders of innocent Americans, President Trump is doing his best to turn the nation's attention elsewhere for political purposes," the three wrote. "Trump and his allies on Fox News are consistently lying to position the caravan as a threat and to stoke their base." Shaw Drake, a policy counsel for the American Civil Liberties Union, noted that the military is legally barred from engaging in immigration enforcement, and that the asylum-seeking migrants are exercising a right that is protected by international and domestic law. Trump has repeatedly warned of dangers related to immigration and of specific but unsubstantiated threats posed by the migrants, who are still weeks away from the US border. Trump tweeted Monday that the group of Central Americans includes "gang members and some very bad people." The tweet to the President's 55.5 million followers came just two days after a man with virulently anti-immigrant views, who referred to immigrant "invasions," killed 11 people in a Pittsburgh synagogue. "Please go back," Trump tweeted Monday to the migrants, who are some 900 miles away from the border and moving at a pace of 20 to 30 miles a day. "You will not be admitted into the United States unless you go through the legal process. This is an invasion of our Country and our Military is waiting for you!" The migrants are seeking asylum, which can be applied for only once someone seeking protection from persecution or fleeing violence in their home country is inside another country or is at the border. "Operation Faithful Patriot" is expected to start on November 5 and last until December 15, a defense official told CNN. The current plan is to send the additional active duty troops to Brownsville, Texas, Nogales, Arizona and likely near San Diego, California. Asked Monday whether the administration was considering closing the southern border, White House spokeswoman Sarah Sanders said, "we have a number of options on the table and we're exploring those." The troops will include deployments from Fort Campbell and Fort Knox in Kentucky, O'Shaunghnessy said. A US official told CNN that verbal orders went out this past weekend to some units and that additional written orders started Monday. The official added that some troops were already moving and that their number could increase or decrease as needs are assessed. Last week, CNN reported that the US could send 800 or more troops to the border. On Monday, O'Shaughnessy said 800 soldiers "are on their way to Texas right now." Trump has said migrant groups will be a central issue of the campaign and has repeatedly linked them to Democrats. He threatened to cut off aid to Central American countries that allow the estimated 6,500 people fleeing Honduras, Guatemala and El Salvador to continue moving north. The US official and a defense official emphasized the troops will be at the border to support civil authorities and that they are not expected to come into any contact with migrants. If the troops carry arms, it will be solely for self defense, the officials said. Last week, Homeland Security Secretary Kirstjen Nielsen told Fox News that her agency had asked for defense department help to "bolster our capabilities" in an effort to avoid a repeat of clashes on the Guatemalan-Mexican border between some of the northbound migrants and Mexican troops. Specifically, she said DHS has asked for air, engineering, logistics and planning support as well as vehicle barriers and "ways in which we can protect my officers and agents as well as the ports of entry themselves." This deployment is separate from an ongoing National Guard effort to support border authorities with technical assistance. There are approximately 4,000 personnel authorized for that mission, but only 2,100 are currently in place, according to the Pentagon. Asked why the President felt to compelled to send additional troops to do essentially the same thing, Sanders told reporters Monday that the "President's No. 1 job and No. 1 priority is to protect the safety and security of Americans, and he's going to do what he deems necessary in order to do that.""
    =>  "President Donald Trump is sending 5,200 troops and a slew of military equipment to the southern border, doubling down on one of his favorite base-rallying issues with the midterm elections just days away. The troops, who will be at the border by the end of the week, are being deployed to stop Central American migrants bound for the US, according to Pentagon and Homeland Security officials who spoke Monday.  The migrants, who are some 900 miles away from the border, are weeks away from arriving at the border where many reportedly plan to seek asylum. "Our concept of operations is to flow in our military assets with a priority to build up southern Texas, and then Arizona, and then California," Gen. Terrence John O'Shaughnessy said Monday, adding that the soldiers normally assigned weapons will be carrying them at the border. "We'll reinforce along priority points of entry, so as to enhance" the ability of Customs and Border Protection officers to "harden and secure the border." 'Our message ... is simple' The Pentagon will also send medical units, command posts, military police units and strategic airlift capabilities, including four large transport aircraft for deploying CBP personnel and helicopters equipped with sensors to operate at night.   There is already enough concertina wire at the border to cover 22 miles, O'Shaughnessy said, with another 150 miles worth available. The general also told reporters that "everything we are doing is in line with and in adherence to Posse Comitatus," the federal statute that forbids the use of the military to enforce domestic law.  The troops will supplement extra CBP officers, Border Protection Commissioner Kevin McAleenan said. Speaking in Washington with O'Shaughnessy, the commissioner said that DHS has "at the ready 1,000 CBP officers, including 250 tactical enforcement officers and mobile response team professionals" with training in managing contingencies, including riot control.  "Our message to the organizers and participants in the caravan is simple," McAleenan said. "We will not allow a large group to enter to United States in an unsafe manner." Neither McAleenan nor O'Shaughnessy addressed what the extra deployments will cost taxpayers.  Critics decried the move as a political stunt meant, in part, to distract from "a serious attempted political assassination and media bombing campaign, and religious and racially motivated shootings." Neera Tanden, president of the Center for American Progress, Rabbi David Saperstein, a former ambassador at large for international religious freedom, and Henry Fernandez, a senior fellow at the Center for American Progress, said in a statement that "President Trump is manufacturing a crisis around the caravan for political gain -- to stoke fears and garner votes for the midterms." The migrant group, they said in a statement, is hundreds of miles away from the US border, is "not threat to the country, it is shrinking in size, unarmed, and filled mostly with women and children. We have laws in place if the migrants reach the border." "We are currently facing real threats, a series of hate crimes and hate-filled violence," they added, pointing to the package bombs sent to prominent Democrats and to CNN, as well as the shooting at a Pittsburgh synagogue and a white man's killing of two black men in Kentucky.  Stoking the base "Instead of talking about the real threats and actual murders of innocent Americans, President Trump is doing his best to turn the nation's attention elsewhere for political  purposes," the three wrote. "Trump and his allies on Fox News are consistently lying to position the caravan as a threat and to stoke their base." Shaw Drake, a policy counsel for the American Civil Liberties Union, noted that the military is legally barred from engaging in immigration enforcement, and that the asylum-seeking migrants are exercising a right that is protected by international and domestic law.  Trump has repeatedly warned of dangers related to immigration and of specific but unsubstantiated threats posed by the migrants, who are still weeks away from the US border.  Trump tweeted Monday that the group of Central Americans includes "gang members and some very bad people."  The tweet to the President's 55.5 million followers came just two days after a man with virulently anti-immigrant views, who referred to immigrant "invasions," killed 11 people in a Pittsburgh synagogue.  "Please go back," Trump tweeted Monday to the migrants, who are some 900 miles away from the border and moving at a pace of 20 to 30 miles a day. "You will not be admitted into the United States unless you go through the legal process. This is an invasion of our Country and our Military is waiting for you!" The migrants are seeking asylum, which can be applied for only once someone seeking protection from persecution or fleeing violence in their home country is inside another country or is at the border.   "Operation Faithful Patriot" is expected to start on November 5 and last until December 15, a defense official told CNN. The current plan is to send the additional active duty troops to Brownsville, Texas, Nogales, Arizona and likely near San Diego, California.   Asked Monday whether the administration was considering closing the southern border, White House spokeswoman Sarah Sanders said, "we have a number of options on the table and we're exploring those." The troops will include deployments from Fort Campbell and Fort Knox in Kentucky, O'Shaunghnessy said.   A US official told CNN that verbal orders went out this past weekend to some units and that additional written orders started Monday. The official added that some troops were already moving and that their number could increase or decrease as needs are assessed.  Last week, CNN reported that the US could send 800 or more troops to the border. On Monday, O'Shaughnessy said 800 soldiers "are on their way to Texas right now."  Trump has said migrant groups will be a central issue of the campaign and has repeatedly linked them to Democrats. He threatened to cut off aid to Central American countries that allow the estimated 6,500 people fleeing Honduras, Guatemala and El Salvador to continue moving north.  The US official and a defense official emphasized the troops will be at the border to support civil authorities and that they are not expected to come into any contact with migrants. If the troops carry arms, it will be solely for self defense, the officials said.  Last week, Homeland Security Secretary Kirstjen Nielsen told Fox News that her agency had asked for defense department help to "bolster our capabilities" in an effort to avoid a repeat of clashes on the Guatemalan-Mexican border between some of the northbound migrants and Mexican troops.    Specifically, she said DHS has asked for air, engineering, logistics and planning support as well as vehicle barriers and "ways in which we can protect my officers and agents as well as the ports of entry themselves."     This deployment is separate from an ongoing National Guard effort to support border authorities with technical assistance. There are approximately 4,000 personnel authorized for that mission, but only 2,100 are currently in place, according to the Pentagon.  Asked why the President felt to compelled to send additional troops to do essentially the same thing, Sanders told reporters Monday that the "President's No. 1 job and No. 1 priority is to protect the safety and security of Americans, and he's going to do what he deems necessary in order to do that.""

 [3].body
    =>  ""What is hockey?" Pierre-Edouard Bellemare, at 16 years old, had to answer that question. Not existentially, but literally to the police officer in France who had stopped him. Unaware of the sport, the officer had pulled him aside, chastised him for carrying a weapon in public and then expressed incredulity when told it was an instrument of sport. "Our sport magazine we had when I was a kid," Bellemare says, "I remember it was always one time a year, a sentence at the end, the last page, that team won the cup. That was it. So not really a popular sport." READ: Filip Forsberg on his journey from Sweden to the Nashville Predators READ: Gabriel Landeskog -- From Stockholm to NHL stardom France, a country better known perhaps for its soccer, cycling and basketball, didn't place a high priority on hockey and the sport was foreign to Bellemare until a sudden inspiration to take it up struck his sister. "My big sister ... somehow she wanted to start hockey. Why? I have no idea why, where she heard of it, but so my big brother and I were like, 'if she plays hockey, we want to also.'" Financial limitations prevented the trio from truly diving into the sport at first, but a coach recognized the talent that Bellemare and his brother had and invited them back the next week to put them through training. "We came back, and we did a bunch of drills that put us on our asses, like weird drills," he laughs. "But we had a blast, and after that, the coach went to my mom and was like, 'hockey or figure skating, choose one, but they shouldn't go and play soccer.' "For me, I was always a kid who wanted to do something different." A Canadian or American, he notes, might have turned their sights on the NHL, but for a fledgling player in hockey-depleted France, his main goal became the Olympics. "I could never see the NHL [games]; there was no internet, no cable, it was purely the Olympics and you had to fight to see the games." READ: The day the Stanley Cup went missing -- in Siberia READ: Golden Knights' mission to heal through hockey Undeterred from his dream, but realistic about the prospects of playing professionally, Bellemare earned an education alongside his pursuit of a hockey career, a backup plan in case, in his words, he "broke his leg one day." "When I was 21, I got my degrees, and it was a decision to make if I stay at the university or if I go to Sweden. "It was really close that I stopped hockey to go to school because, I mean, how much can you live out of hockey? You're French right? And you hear that your entire life. "That's when I realized hockey is a job and you work, and not just working at the rink, it's the way you eat, the way you drink. "That's when I realized, alright, this is going to be something I'm going to do for a living." Since those early days of running wild on the ice with his siblings, Bellemare has achieved incredible accomplishments: getting signed by the Philadelphia Flyers after a stint in Sweden, playing in the Stanley Cup Finals as part of the Vegas Golden Knights and representing his native France at multiple World Championships. Bellemare's unlikely hockey journey is far from complete -- another goal still awaits. "I still haven't played in the Olympics," he said. "And it's still my biggest dream technically to be able to represent my nation.""
    =>  ""What is hockey?" Pierre-Edouard Bellemare, at 16 years old, had to answer that question. Not existentially, but literally to the police officer in France who had stopped him.  Unaware of the sport, the officer had pulled him aside, chastised him for carrying a weapon in public and then expressed incredulity when told it was an instrument of sport.  "Our sport magazine we had when I was a kid," Bellemare says, "I remember it was always one time a year, a sentence at the end, the last page, that team won the cup. That was it. So not really a popular sport." READ: Filip Forsberg on his journey from Sweden to the Nashville Predators READ: Gabriel Landeskog -- From Stockholm to NHL stardom France, a country better known perhaps for its soccer, cycling and basketball, didn't place a high priority on hockey and the sport was foreign to Bellemare until a sudden inspiration to take it up struck his sister.  "My big sister ... somehow she wanted to start hockey. Why? I have no idea why, where she heard of it, but so my big brother and I were like, 'if she plays hockey, we want to also.'" Financial limitations prevented the trio from truly diving into the sport at first, but a coach recognized the talent that Bellemare and his brother had and invited them back the next week to put them through training.  "We came back, and we did a bunch of drills that put us on our asses, like weird drills," he laughs.  "But we had a blast, and after that, the coach went to my mom and was like, 'hockey or figure skating, choose one, but they shouldn't go and play soccer.' "For me, I was always a kid who wanted to do something different." A Canadian or American, he notes, might have turned their sights on the NHL, but for a fledgling player in hockey-depleted France, his main goal became the Olympics.  "I could never see the NHL [games]; there was no internet, no cable, it was purely the Olympics and you had to fight to see the games." READ: The day the Stanley Cup went missing -- in Siberia READ: Golden Knights' mission to heal through hockey Undeterred from his dream, but realistic about the prospects of playing professionally, Bellemare earned an education alongside his pursuit of a hockey career, a backup plan in case, in his words, he "broke his leg one day." "When I was 21, I got my degrees, and it was a decision to make if I stay at the university or if I go to Sweden.  "It was really close that I stopped hockey to go to school because, I mean, how much can you live out of hockey? You're French right? And you hear that your entire life. "That's when I realized hockey is a job and you work, and not just working at the rink, it's the way you eat, the way you drink.  "That's when I realized, alright, this is going to be something I'm going to do for a living." Since those early days of running wild on the ice with his siblings, Bellemare has achieved incredible accomplishments: getting signed by the Philadelphia Flyers after a stint in Sweden, playing in the Stanley Cup Finals as part of the Vegas Golden Knights and representing his native France at multiple World Championships.  Bellemare's unlikely hockey journey is far from complete -- another goal still awaits. "I still haven't played in the Olympics," he said. "And it's still my biggest dream technically to be able to represent my nation.""

 [4].body
    =>  "President Donald Trump travels to Pittsburgh on Tuesday after the worst anti-Semitic crime in American history, bringing with him a pulsing anger that his rhetoric is being blamed for the attack and intent on proving to his critics he can behave like a president. For Trump, the role of consoler has sometimes come uneasily and, in his view, without tangible benefit. Trump has complained in the past that so-called "presidential" moments have gone unnoticed by his critics and unheralded in the media, leading him to wonder what the point of it all was. This weekend, after Trump forcefully decried anti-Semitism during campaign appearances, he again protested to confidantes that the message wasn't received with praise, according to people familiar with the conversations. Along with many of his aides, he viewed the continued questions about his divisive rhetoric as petty partisan attacks launched by his political opponents. Still, after discussions with advisers that included daughter Ivanka Trump and son-in-law Jared Kushner, who are Jewish, Trump declared his intent to visit Pittsburgh. The trip comes amid a last-minute midterm campaign push and has forestalled, for now, a planned address on immigration. Trump has expressed concern his midterm messaging could be knocked off-kilter by the attack. Pittsburgh's mayor called on Monday for Trump to wait to visit until after burials are complete, but with an 11-rally itinerary set for the end of the week, there was little flexibility in the President's schedule. His daughter and Kushner, will join Trump in Pittsburgh, along with first lady Melania Trump, who has sometimes worked with mixed results to soften her husband's public image. He is expected to meet with some members of the Tree of Life congregation, who lost 11 members when a gunman opened fire inside the synagogue on Saturday morning. More grievance than grief In the wake of the slaying at the Pittsburgh synagogue, Trump has demonstrated more grievance than grief. Those grievances, once again, are rooted in how he innately believes he is being mistreated by the media. For days, he's been complaining openly to allies and aides that he doesn't believe he's been given sufficient credit for his early comments denouncing the shooting. But those comments were quickly overtaken by more inflammatory tweets from the President. Trump chose to use his bully pulpit on Monday by attacking the media -- not by calling out the anti-Semitic views of the gunman. "There is great anger in our country caused in part by inaccurate and even fraudulent reporting of the news," Trump tweeted Monday, again calling the media "the true enemy of the people." Those very public words help explain Trump's mindset, according to people who have spoken to him, who say his fury is out in the open for all to see. Trump has said repeatedly he's committed to helping the nation heal its deep political schisms. Yet he's refused to acknowledge the role his own speech has played in the national divide. At the first White House briefing in 26 days, press secretary Sarah Sanders defended the President on Monday and insisted he was being treated unfairly. She also repeatedly maintained that Trump was elected by an overwhelming majority of Americans, not saying he lost the popular vote by 3 million votes. That is a window into Trump reality -- how he sees things takes precedence over what actually happened. The President also believes the pipe bomber, along with the synagogue mass shooting, is slowing Republican momentum in the final week of the midterm election campaign. That is one of the reasons, aides said, he is making an unprecedented investment for a sitting president: 11 rallies in six days. "It doesn't matter if there's a midterm election or not, the President's going to fight back," Sanders said. "The President is going to defend himself." Rhetorical links The massacre widened a national debate over the President's divisive style started earlier in the week, when a fervent Trump supporter sent pipe bombs through the mail to people the President criticized. The angry and at times violent messages Trump espouses on his Twitter feed and during his campaign rallies led to accusations he was fomenting those impulses in his followers. It's an accusation that has infuriated the President, causing him to lash out in ways that only hardened the view that his words are mismatched for a somber national moment. Even aides who, in the past, have privately pushed back when Trump labels the news media the "enemy of the people" have this week agreed with his sentiments, arguing that no matter what the President does, the mainstream press won't be satisfied. That's led to a new level of combativeness, even as the country reels from hate attacks. And it's negated the President's weekend attempts at reconciliation, which were swiftly followed by rote political attacks and grievance-filled rants. "You guys have a huge responsibility to play in the divisive nature of this country," Sanders said. "He got elected by an overwhelming majority of 63 million Americans, who came out and supported him and wanted to see his policies enacted. He's delivered on that. He's delivered on the promises he's made. "If anything, I think it is sad and divisive, the way that every single thing that comes out of the media -- 90% of what comes out of the media's mouth -- is negative about this president," she said, her tone having shifted from a tearful response to the Pittsburgh shooting to indignant criticism of the assembled reporters. She discarded concerns at the President's plans to continue politicking ahead of the midterm elections, despite the fraught national moment. "The President is going to continue to draw contrasts, particularly as we go into the final days of an election, the differences between the two parties, particularly on policy differences," she said. The disconnect between Trump's rhetorical style and the traditional parameters of his job isn't mere coincidence. He ran vowing to dispense with the politically correct restraints of the past and has upheld that promise steadfastly. Even in moments of mourning, the President has downplayed the role a president can play in providing the country a moral or emotional grounding. 'He's my President' In Pittsburgh, some progressive Jewish leaders have encouraged the President to stay home. In an open letter to the President, members of the city's "Bend the Arc" organization wrote that his words and policies over the past three years "have emboldened a growing white nationalist movement," and that he is not welcome until he "fully (denounces) white nationalism." But Rabbi Jeffrey Myers, who was leading services at Tree of Life during Saturday's shooting, said that "the President of the United States is always welcome." "I'm a citizen. He's my President. He is certainly welcome," he said. When Trump has met with victims' families after mass shootings or natural disasters in the past, he has has conveyed a style of empathy that can sometimes feel stilted, particularly when compared to the freewheeling style he employs in most settings. He has yet to deliver a eulogy at a memorial service honoring the memories of Americans slain in gun violence or other attacks. When Trump met with family members of the Parkland, Florida, high school shooting earlier this year, he was photographed clutching a notecard with handwritten prompts like "I hear you" and "What would you most want me to know about your experience?" -- a signal, at minimum, that some aides worried the usual signals of empathy may not come easily to him. The White House on Monday insisted the President had demonstrated the required compassion during trying times. "This is a President who has risen to that occasion and works to bring our country together in a number of occasions, whether it's the hurricanes, whether it's the Las Vegas shooting, whether it was the Pittsburgh shooting," Sanders said. Already, some Republicans have expressed concern that Trump's antagonistic campaign style will be aired on a split screen with expected funerals for shooting victims later this week. Trump plans an aggressive schedule of rallies ahead of next week's vote. Trump, meanwhile, has fretted that coverage of the mail bombings could distract from his midterm closing argument, which was built on dire warnings of a group of migrants seeking entry into the United States. Originally, Trump planned a major address on immigration this week, including the signing of a presidential proclamation that would prevent most, if not all, members of the group of migrants in Mexico heading toward the US from crossing the border. There are now discussions in the White House about delaying the planned immigration moves, a step that would be sure to frustrate Trump, who complained last week that the pipe bomb attempts distracted from an announcement on lowering drug prices."
    =>  "President Donald Trump travels to Pittsburgh on Tuesday after the worst anti-Semitic crime in American history, bringing with him a pulsing anger that his rhetoric is being blamed for the attack and intent on proving to his critics he can behave like a president. For Trump, the role of consoler has sometimes come uneasily and, in his view, without tangible benefit. Trump has complained in the past that so-called "presidential" moments have gone unnoticed by his critics and unheralded in the media, leading him to wonder what the point of it all was. This weekend, after Trump forcefully decried anti-Semitism during campaign appearances, he again protested to confidantes that the message wasn't received with praise, according to people familiar with the conversations. Along with many of his aides, he viewed the continued questions about his divisive rhetoric as petty partisan attacks launched by his political opponents. Still, after discussions with advisers that included daughter Ivanka Trump and son-in-law Jared Kushner, who are Jewish, Trump declared his intent to visit Pittsburgh. The trip comes amid a last-minute midterm campaign push and has forestalled, for now, a planned address on immigration. Trump has expressed concern his midterm messaging could be knocked off-kilter by the attack. Pittsburgh's mayor called on Monday for Trump to wait to visit until after burials are complete, but with an 11-rally itinerary set for the end of the week, there was little flexibility in the President's schedule.  His daughter and Kushner, will join Trump in Pittsburgh, along with first lady Melania Trump, who has sometimes worked with mixed results to soften her husband's public image. He is expected to meet with some members of the Tree of Life congregation, who lost 11 members when a gunman opened fire inside the synagogue on Saturday morning. More grievance than grief In the wake of the slaying at the Pittsburgh synagogue, Trump has demonstrated more grievance than grief. Those grievances, once again, are rooted in how he innately believes he is being mistreated by the media. For days, he's been complaining openly to allies and aides that he doesn't believe he's been given sufficient credit for his early comments denouncing the shooting. But those comments were quickly overtaken by more inflammatory tweets from the President. Trump chose to use his bully pulpit on Monday by attacking the media -- not by calling out the anti-Semitic views of the gunman. "There is great anger in our country caused in part by inaccurate and even fraudulent reporting of the news," Trump tweeted Monday, again calling the media "the true enemy of the people." Those very public words help explain Trump's mindset, according to people who have spoken to him, who say his fury is out in the open for all to see.  Trump has said repeatedly he's committed to helping the nation heal its deep political schisms. Yet he's refused to acknowledge the role his own speech has played in the national divide. At the first White House briefing in 26 days, press secretary Sarah Sanders defended the President on Monday and insisted he was being treated unfairly. She also repeatedly maintained that Trump was elected by an overwhelming majority of Americans, not saying he lost the popular vote by 3 million votes. That is a window into Trump reality -- how he sees things takes precedence over what actually happened. The President also believes the pipe bomber, along with the synagogue mass shooting, is slowing Republican momentum in the final week of the midterm election campaign. That is one of the reasons, aides said, he is making an unprecedented investment for a sitting president: 11 rallies in six days. "It doesn't matter if there's a midterm election or not, the President's going to fight back," Sanders said. "The President is going to defend himself." Rhetorical links The massacre widened a national debate over the President's divisive style started earlier in the week, when a fervent Trump supporter sent pipe bombs through the mail to people the President criticized. The angry and at times violent messages Trump espouses on his Twitter feed and during his campaign rallies led to accusations he was fomenting those impulses in his followers. It's an accusation that has infuriated the President, causing him to lash out in ways that only hardened the view that his words are mismatched for a somber national moment. Even aides who, in the past, have privately pushed back when Trump labels the news media the "enemy of the people" have this week agreed with his sentiments, arguing that no matter what the President does, the mainstream press won't be satisfied. That's led to a new level of combativeness, even as the country reels from hate attacks. And it's negated the President's weekend attempts at reconciliation, which were swiftly followed by rote political attacks and grievance-filled rants. "You guys have a huge responsibility to play in the divisive nature of this country," Sanders said. "He got elected by an overwhelming majority of 63 million Americans, who came out and supported him and wanted to see his policies enacted. He's delivered on that. He's delivered on the promises he's made.  "If anything, I think it is sad and divisive, the way that every single thing that comes out of the media -- 90% of what comes out of the media's mouth -- is negative about this president," she said, her tone having shifted from a tearful response to the Pittsburgh shooting to indignant criticism of the assembled reporters. She discarded concerns at the President's plans to continue politicking ahead of the midterm elections, despite the fraught national moment. "The President is going to continue to draw contrasts, particularly as we go into the final days of an election, the differences between the two parties, particularly on policy differences," she said. The disconnect between Trump's rhetorical style and the traditional parameters of his job isn't mere coincidence. He ran vowing to dispense with the politically correct restraints of the past and has upheld that promise steadfastly. Even in moments of mourning, the President has downplayed the role a president can play in providing the country a moral or emotional grounding. 'He's my President' In Pittsburgh, some progressive Jewish leaders have encouraged the President to stay home. In an open letter to the President, members of the city's "Bend the Arc" organization wrote that his words and policies over the past three years "have emboldened a growing white nationalist movement," and that he is not welcome until he "fully (denounces) white nationalism." But Rabbi Jeffrey Myers, who was leading services at Tree of Life during Saturday's shooting, said that "the President of the United States is always welcome." "I'm a citizen. He's my President. He is certainly welcome," he said. When Trump has met with victims' families after mass shootings or natural disasters in the past, he has has conveyed a style of empathy that can sometimes feel stilted, particularly when compared to the freewheeling style he employs in most settings. He has yet to deliver a eulogy at a memorial service honoring the memories of Americans slain in gun violence or other attacks. When Trump met with family members of the Parkland, Florida, high school shooting earlier this year, he was photographed clutching a notecard with handwritten prompts like "I hear you" and "What would you most want me to know about your experience?" -- a signal, at minimum, that some aides worried the usual signals of empathy may not come easily to him. The White House on Monday insisted the President had demonstrated the required compassion during trying times. "This is a President who has risen to that occasion and works to bring our country together in a number of occasions, whether it's the hurricanes, whether it's the Las Vegas shooting, whether it was the Pittsburgh shooting," Sanders said.  Already, some Republicans have expressed concern that Trump's antagonistic campaign style will be aired on a split screen with expected funerals for shooting victims later this week. Trump plans an aggressive schedule of rallies ahead of next week's vote. Trump, meanwhile, has fretted that coverage of the mail bombings could distract from his midterm closing argument, which was built on dire warnings of a group of migrants seeking entry into the United States. Originally, Trump planned a major address on immigration this week, including the signing of a presidential proclamation that would prevent most, if not all, members of the group of migrants in Mexico heading toward the US from crossing the border. There are now discussions in the White House about delaying the planned immigration moves, a step that would be sure to frustrate Trump, who complained last week that the pipe bomb attempts distracted from an announcement on lowering drug prices."

 [5].body
    =>  "House Minority Leader Nancy Pelosi is billing herself as a "transitional" speaker who would bridge the current generation to the next, hoping to alleviate lingering concerns among some Democrats uncertain about electing her to the powerful position. But Pelosi hasn't fully detailed how that transition would work, and Democrats want some answers. "I think the bigger question is who would be the successor," said Rep. Darren Soto of Florida, saying the caucus should soon come up with a plan. In conversations with CNN over the past week, Democratic members and aides acknowledge that Pelosi's promise to be a transitional leader has helped allay concerns that she would be speaker indefinitely if Democrats retake the House next month. And without any clear challenger, she remains a heavy favorite to become speaker in a Democratic majority -- even though some members say voters in their districts are eager to see change at the top. "I'm sure people will want to know what her plans are, but until another candidate emerges to really put the heat on, she has some breathing room," another Democratic member said. Soto, who has long endorsed the idea of a transition plan and supports Pelosi, said it would be helpful to know early on who would be the heir apparent. "I think a lot of that will be determined in the elections," he said, referring to the caucus elections next month that will determine not only the No. 1 spot in the caucus, but a spate of other leadership positions. Math problems loom Pelosi, the first woman to hold the speaker's gavel a decade ago, is confident she'll be speaker again but recently told the Los Angeles Times she's imagining a life beyond that, suggesting she's not planning to stay in the House forever. "I have things to do. Books to write; places to go; grandchildren, first and foremost, to love." The math may be tricky. Of 26 Democrats in toss-up races, 11 have said they would oppose Pelosi as speaker, while an additional 19 Democrats who are in districts that lean Democratic or are solidly in their party's favor said they would oppose her, according to a CNN tally. Those numbers grow among Democrats in districts that lean Republican. Pelosi can win the Democratic nomination to become speaker with only a simple majority in the caucus election. It gets more challenging in January, when the full House votes and she'll need 218 votes or whatever equates to a majority of the House at the time. If Democrats have a sizable majority -- say 230 or 240 -- Pelosi could afford to lose some support among her caucus on the floor and still win the speakership. If the majority is slim -- say 220 -- her pathway is more difficult. That's where the transition argument could help, some members say, especially with incoming freshmen who campaigned on voting against her. "I think it might help some of those candidates who are getting blitzed with anti-Pelosi ads to be able to say she's not going to be there forever, and so it gives them a little bit of cover," said another Democratic member who generally doesn't talk about leadership elections and asked not to be named. But there's another catch that could help Pelosi. House rules say a speaker is elected by a majority of members who cast votes for an individual on the floor. If members choose not to show up -- or vote "present" -- the threshold for becoming speaker is lowered. That happened in 2014, when then-Speaker John Boehner, an Ohio Republican, won 216 votes out of just 408 cast. Pelosi running on her leadership Pelosi allies say that if she's running, it's because she knows she has the votes. Moreover, she has the power of incumbency of sorts -- the ability to raise tens of millions for Democratic candidates as well as to dole out prized committee assignments critical for members to ascend the hierarchy in the caucus. She plans to call all her members to touch base before the midterm elections and immediately after. "If Nancy Pelosi's running for speaker, it's because we've won the majority, and a lot of that will have been under her leadership in supporting our caucus and candidates across the country," said Rep. Eric Swalwell, a California Democrat. "And I think that will have taken away the argument that she's a drag on candidates." Any vacancy at the top would trigger a dramatic contest for the speaker's job, with longtime leaders -- like House Minority Whip Steny Hoyer of Maryland and Assistant Democratic Leader James Clyburn of South Carolina -- expected to run if Pelosi steps aside, as well as younger members who have their eyes on higher posts in the caucus. Hoyer and Clyburn have also made the "transition" argument in the past, but they are unlikely to take Pelosi on directly. Pelosi allies told CNN she has no intention of ceding the speakership and allowing Hoyer or Clyburn to be a bridge to the next generation of leaders. In other words, if she steps aside, she expects Hoyer or Clyburn to leave with her, sources said, though that decision will ultimately be up to those two men. By all accounts, however, Pelosi appears to be going nowhere. "I fully expect that she'll be speaker," said Rep. Ro Khanna of California, noting that if Democrats win, Pelosi would be at the helm of a major victory that includes a large number of female candidates. "I can't imagine how we would not ... allow her to at least claim the gavel." Supporters of the transition idea also say it's a logical step when the caucus could be going through a major transition itself -- from the minority to the majority for the first time in eight years. "I do think you need an experienced person at the top to help get that together and get us organized and off to a good start," said Rep. Robin Kelly of Illinois. Facing incoming freshmen, opposition from Democrats It's unclear, though, just how effective the pitch will be on incoming freshmen and on incumbent candidates who've already vowed to oppose Pelosi -- some of whom she may need to hold the gavel once again. "I think it's time for somebody new," said Paul Davis, a Democratic House candidate in Kansas, when asked about the idea of a transition. Some of Pelosi's critics think her latest pitch is nothing more than political maneuvering. Rep. Tim Ryan of Ohio, who challenged Pelosi for minority leader in 2016 and lost, said in a recent radio interview with New Hampshire's WKXL that "it sounds like a strategy she has to keep people in her corner." Democratic Rep. Kurt Schrader of Oregon, a vocal critic of Pelosi's, described her pitch as a "desperate" attempt to become speaker "at the expense of the Democratic Party." Schrader told CNN that he and other incumbents who oppose Pelosi will provide a "safe place" for incoming freshmen this fall in Congress as they face pressure to go back on their campaign promise and support Pelosi on the floor. "We respect the work she's done in the past, but there's always a time to move on," he said. "Unfortunately, she doesn't see that right now." In her recent comments, Pelosi declined to lay down any sort of timeline for when she would hand off the baton, saying she's not going to make herself a "lame duck." "There has to be a transition at some point in all of this," Pelosi told CNN's Dana Bash at a CNN event last week. Her allies say she's unlikely to detail a timeline after the elections either, not wanting to follow the model of current Speaker Paul Ryan, a Wisconsin Republican who announced his retirement from Congress months before he gives up the gavel. Still, as members digest the idea of a transitional leader, some want specifics. Another member who asked not to be named said the caucus would need "far greater clarity" on whether Pelosi would stay for "six months" or multiple years. "A transition could be a little more peaceful. The downside of that peace is the uncertainty." While Pelosi has quietly and closely worked with some younger members to help them rise in the caucus, the minority leader told the LA Times that she would be hands off in the selection of the next generation of leaders. "Whoever is next is not up to me," she said. "If I were saying, 'I want so-and-so to be my successor,' that's not right." And whether the transition idea is enough to satisfy her caucus -- particularly new members who distanced themselves from her on the campaign trail -- remains to be seen. "Her biggest challenge will be with new members who have pledged to publicly support someone else (plus, of course, the current members who don't want her)," said one Democratic member. "In the end, those things could be a real problem to reaching 218.""
    =>  "House Minority Leader Nancy Pelosi is billing herself as a "transitional" speaker who would bridge the current generation to the next, hoping to alleviate lingering concerns among some Democrats uncertain about electing her to the powerful position. But Pelosi hasn't fully detailed how that transition would work, and Democrats want some answers. "I think the bigger question is who would be the successor," said Rep. Darren Soto of Florida, saying the caucus should soon come up with a plan. In conversations with CNN over the past week, Democratic members and aides acknowledge that Pelosi's promise to be a transitional leader has helped allay concerns that she would be speaker indefinitely if Democrats retake the House next month. And without any clear challenger, she remains a heavy favorite to become speaker in a Democratic majority -- even though some members say voters in their districts are eager to see change at the top. "I'm sure people will want to know what her plans are, but until another candidate emerges to really put the heat on, she has some breathing room," another Democratic member said. Soto, who has long endorsed the idea of a transition plan and supports Pelosi, said it would be helpful to know early on who would be the heir apparent.  "I think a lot of that will be determined in the elections," he said, referring to the caucus elections next month that will determine not only the No. 1 spot in the caucus, but a spate of other leadership positions. Math problems loom Pelosi, the first woman to hold the speaker's gavel a decade ago, is confident she'll be speaker again but recently told the Los Angeles Times she's imagining a life beyond that, suggesting she's not planning to stay in the House forever. "I have things to do. Books to write; places to go; grandchildren, first and foremost, to love." The math may be tricky. Of 26 Democrats in toss-up races, 11 have said they would oppose Pelosi as speaker, while an additional 19 Democrats who are in districts that lean Democratic or are solidly in their party's favor said they would oppose her, according to a CNN tally. Those numbers grow among Democrats in districts that lean Republican. Pelosi can win the Democratic nomination to become speaker with only a simple majority in the caucus election. It gets more challenging in January, when the full House votes and she'll need 218 votes or whatever equates to a majority of the House at the time. If Democrats have a sizable majority -- say 230 or 240 -- Pelosi could afford to lose some support among her caucus on the floor and still win the speakership. If the majority is slim -- say 220 -- her pathway is more difficult.   That's where the transition argument could help, some members say, especially with incoming freshmen who campaigned on voting against her. "I think it might help some of those candidates who are getting blitzed with anti-Pelosi ads to be able to say she's not going to be there forever, and so it gives them a little bit of cover," said another Democratic member who generally doesn't talk about leadership elections and asked not to be named. But there's another catch that could help Pelosi. House rules say a speaker is elected by a majority of members who cast votes for an individual on the floor. If members choose not to show up -- or vote "present" -- the threshold for becoming speaker is lowered. That happened in 2014, when then-Speaker John Boehner, an Ohio Republican, won 216 votes out of just 408 cast. Pelosi running on her leadership Pelosi allies say that if she's running, it's because she knows she has the votes. Moreover, she has the power of incumbency of sorts -- the ability to raise tens of millions for Democratic candidates as well as to dole out prized committee assignments critical for members to ascend the hierarchy in the caucus. She plans to call all her members to touch base before the midterm elections and immediately after. "If Nancy Pelosi's running for speaker, it's because we've won the majority, and a lot of that will have been under her leadership in supporting our caucus and candidates across the country," said Rep. Eric Swalwell, a California Democrat. "And I think that will have taken away the argument that she's a drag on candidates." Any vacancy at the top would trigger a dramatic contest for the speaker's job, with longtime leaders -- like House Minority Whip Steny Hoyer of Maryland and Assistant Democratic Leader James Clyburn of South Carolina -- expected to run if Pelosi steps aside, as well as younger members who have their eyes on higher posts in the caucus. Hoyer and Clyburn have also made the "transition" argument in the past, but they are unlikely to take Pelosi on directly. Pelosi allies told CNN she has no intention of ceding the speakership and allowing Hoyer or Clyburn to be a bridge to the next generation of leaders. In other words, if she steps aside, she expects Hoyer or Clyburn to leave with her, sources said, though that decision will ultimately be up to those two men.  By all accounts, however, Pelosi appears to be going nowhere. "I fully expect that she'll be speaker," said Rep. Ro Khanna of California, noting that if Democrats win, Pelosi would be at the helm of a major victory that includes a large number of female candidates. "I can't imagine how we would not ... allow her to at least claim the gavel." Supporters of the transition idea also say it's a logical step when the caucus could be going through a major transition itself -- from the minority to the majority for the first time in eight years.  "I do think you need an experienced person at the top to help get that together and get us organized and off to a good start," said Rep. Robin Kelly of Illinois. Facing incoming freshmen, opposition from Democrats It's unclear, though, just how effective the pitch will be on incoming freshmen and on incumbent candidates who've already vowed to oppose Pelosi -- some of whom she may need to hold the gavel once again. "I think it's time for somebody new," said Paul Davis, a Democratic House candidate in Kansas, when asked about the idea of a transition.  Some of Pelosi's critics think her latest pitch is nothing more than political maneuvering. Rep. Tim Ryan of Ohio, who challenged Pelosi for minority leader in 2016 and lost, said in a recent radio interview with New Hampshire's WKXL that "it sounds like a strategy she has to keep people in her corner." Democratic Rep. Kurt Schrader of Oregon, a vocal critic of Pelosi's, described her pitch as a "desperate" attempt to become speaker "at the expense of the Democratic Party." Schrader told CNN that he and other incumbents who oppose Pelosi will provide a "safe place" for incoming freshmen this fall in Congress as they face pressure to go back on their campaign promise and support Pelosi on the floor.  "We respect the work she's done in the past, but there's always a time to move on," he said. "Unfortunately, she doesn't see that right now." In her recent comments, Pelosi declined to lay down any sort of timeline for when she would hand off the baton, saying she's not going to make herself a "lame duck."  "There has to be a transition at some point in all of this," Pelosi told CNN's Dana Bash at a CNN event last week.  Her allies say she's unlikely to detail a timeline after the elections either, not wanting to follow the model of current Speaker Paul Ryan, a Wisconsin Republican who announced his retirement from Congress months before he gives up the gavel. Still, as members digest the idea of a transitional leader, some want specifics. Another member who asked not to be named said the caucus would need "far greater clarity" on whether Pelosi would stay for "six months" or multiple years. "A transition could be a little more peaceful. The downside of that peace is the uncertainty." While Pelosi has quietly and closely worked with some younger members to help them rise in the caucus, the minority leader told the LA Times that she would be hands off in the selection of the next generation of leaders. "Whoever is next is not up to me," she said. "If I were saying, 'I want so-and-so to be my successor,' that's not right." And whether the transition idea is enough to satisfy her caucus -- particularly new members who distanced themselves from her on the campaign trail -- remains to be seen. "Her biggest challenge will be with new members who have pledged to publicly support someone else (plus, of course, the current members who don't want her)," said one Democratic member. "In the end, those things could be a real problem to reaching 218.""

 [6].body
    =>  "USA Gymnastics has called for its head tumbling coach of the 2018 U.S. World Championships team to resign from that role pending an investigation into a report filed with a nonprofit aimed at eliminating abuse in amateur and professional sports. Sergio Galvez also will not travel with the team to the 2018 Trampoline and Tumbling World Championships in St. Petersburg, Russia, set to be held from Nov. 7-10 "to maintain a safe environment for its athletes," the sport's embattled governing body said Friday in a press release. It is not clear what is alleged in the report filed with the US Center for SafeSport. The US Olympic Committee agency that oversees sexual misconduct and other abuse allegations reported to national governing bodies said it does not speak about specific matters according to its policy. CNN could not reach Galvez on Monday. In a separate statement to CNN on Monday, USAG said they "placed Galvez on the list of suspended and restricted individuals per the provisions in USA Gymnastics Bylaw 9.3" on Friday. Online USAG records show Galvez is suspended pending a hearing. The records indicate Galvez is not to have any unsupervised contact with minor athletes. Friday's announcement comes amid turmoil for USA Gymnastics, which is struggling to recover from the sex abuse scandal involving Larry Nassar. Nassar is the former team doctor for USA Gymnastics. Earlier this month, the sport's governing body lost its second president in two months when former US Rep. Mary Bono stepped down as interim president. Bono had taken over just a month after embattled president and CEO Kerry Perry quit. Perry, who held the job for nine months, was criticized for what many people characterized as inadequate action during the Nassar abuse fallout. Bono came under fire in her first few days. In one instance, a September tweet surfaced of Bono defacing a Nike logo after Nike featured former NFL quarterback and civil rights activist Colin Kaepernick in its advertising campaign. (Nike is a major sponsor of Olympic champion Simone Biles, a mega star for USA Gymnastics.) Biles was critical of Bono. She tweeted: "don't worry, it's not like we needed a smarter usa gymnastics president or any sponsors or anything," Biles tweeted. Others also criticized Bono's tweet as being tone deaf, saying the suppression of athletes' voices allowed Nassar's abuse to continue. Days after Bono's resignation, former USA Gymnastics head Steve Penny was arrested in connection with accusations he removed documents linked to the Nassar sexual abuse case from the Karolyi Ranch gymnastics training facility in Texas, authorities said. A judge set Penny's bail at $25,000. Nassar was already serving 40 to 175 years in Michigan for sexually abusing women and girls under the guise of performing medical treatment when he was indicted in June on charges linked to allegations at the Karolyi Ranch. He faces six counts of sexual assault of a child. Meanwhile, former USA Gymnastics trainer Deborah Van Horn is facing one count of sexual assault of a child in Texas, prosecutors said. On Monday, two former gymnasts said they plan to sue USA Gymnastics, the US Olympic Committee and "other enablers of this abuse." Tasha Schwikert, 33, is a former Olympian and her sister Jordan Schwikert, 32, is a former USA gymnastics national team member. The recent news about Bono's hiring and Penny's arrest prompted her to come forward, Tasha Schwikert said. "The most damning thing about all of this is abuse was happening to children. We must understand this was the culture that enabled Larry to position himself. I'm outraged that USAG has yet to take responsibility for this child abuser," she said. Tasha Schwikert says USA Gymnastics created a toxic culture of abuse that "put its own self-interest before participants." In a statement, USA Gymnastics said it is "deeply sorry that Tasha and Jordan Schwikert, or any athlete, were abused by Larry Nassar during their gymnastics careers. The organization has undergone significant reforms in the wake of his horrific acts that have impacted our athletes and community forever." USA Gymnastics said it does not comment on pending litigation. USOC could not be immediately reached."
    =>  "USA Gymnastics has called for its head tumbling coach of the 2018 U.S. World Championships team to resign from that role pending an investigation into a report filed with a nonprofit aimed at eliminating abuse in amateur and professional sports.  Sergio Galvez also will not travel with the team to the 2018 Trampoline and Tumbling World Championships in St. Petersburg, Russia, set to be held from Nov. 7-10 "to maintain a safe environment for its athletes," the sport's embattled governing body said Friday in a press release.  It is not clear what is alleged in the report filed with the US Center for SafeSport. The US Olympic Committee agency that oversees sexual misconduct and other abuse allegations reported to national governing bodies said it does not speak about specific matters according to its policy.  CNN could not reach Galvez on Monday.  In a separate statement to CNN on Monday, USAG said they "placed Galvez on the list of suspended and restricted individuals per the provisions in USA Gymnastics Bylaw 9.3" on Friday.  Online USAG records show Galvez is suspended pending a hearing. The records indicate Galvez is not to have any unsupervised contact with minor athletes. Friday's announcement comes amid turmoil for USA Gymnastics, which is struggling to recover from the sex abuse scandal involving Larry Nassar.  Nassar is the former team doctor for USA Gymnastics.  Earlier this month, the sport's governing body lost its second president in two months when former US Rep. Mary Bono stepped down as interim president. Bono had taken over just a month after embattled president and CEO Kerry Perry quit. Perry, who held the job for nine months, was criticized for what many people characterized as inadequate action during the Nassar abuse fallout. Bono came under fire in her first few days. In one instance, a September tweet surfaced of Bono defacing a Nike logo after Nike featured former NFL quarterback and civil rights activist Colin Kaepernick in its advertising campaign. (Nike is a major sponsor of Olympic champion Simone Biles, a mega star for USA 
[...]
salt-and-pepper beard, Norry says he is a man of peace -- he's a vegetarian who believes in "ethical eating." But he also says it's ethical for clergy and parishioners to be armed. He cites the Bible's description of religious leaders as "shepherds" as proof. "If we're the shepherds, the first job of the shepherd is to protect the flock from the wolf," says Norry, a visiting rabbi at Congregation Beth Israel in Gulfport, Mississippi. "Why does a shepherd carry a stick? So he can whack the wolf." Some theological questions are abstract, but after an attack on a synagogue in Pennsylvania left 11 people dead, here's one that is urgent and raw: What does the Bible say about arming clergy and people in the pews? The slayings in Squirrel Hill, the heart of a Jewish community in Pittsburgh, is being called the worst attack on Jews in US history. It was also an assault on something else: the way communities of faith have operated for centuries. Houses of worship are often called sanctuaries, a refuge from the world. Indeed, the scriptural reading in synagogues around the world Saturday focused on Abraham welcoming strangers, who turned out to be angels. But Saturday's shooting was just the latest in a series of mass shootings in houses of worship where the stranger turned out to be armed. A white supremacist killed nine people at a shooting at a historic black church in Charleston, South Carolina, in 2015. And a gunman killed 26 worshippers at a church in Sutherland Springs, Texas, in 2017. "I hate that this keeps happening," says the Rev. Brady Boyd, senior pastor of New Life Church in Colorado Springs, Colorado, which also became the site of a shooting in 2007. A gunman killed two church members and injured three others just as Sunday service ended. Boyd cites a saying from Jesus in Matthew 10:16 to justify why he now has armed security at his church: Jesus said his followers should be "wise as serpents and harmless as doves." "Because people have been shot and killed on my campus, this is not theory to me," says Boyd. "I know what can happen if we're not prepared." Part of the preparation is scriptural. Just as people debate the Second Amendment in society, they debate bringing guns to worship in the religious world. Here's how they use the Bible to justify their positions: Jesus said carry your cross, not your gun The Rev. Tim McDonald III says he's heard clergy cite the Bible to justify arming clergy and congregants. "That's absurd," he says. "When you put that in a house of faith it goes against the tenets of our faith, that our trust is in God and not guns." McDonald and others who don't believe pastors or congregants should be armed cite many of the same scriptures: Jesus rebukes a disciple who brandishes a sword to defend him, telling him in Matthew 26:52, "For all who take the sword will perish by the sword." The Apostle Paul says in 2 Corinthians 10:4 that Christians should use weapons that "are not the weapons of the world." Jesus did not use violence to protect himself, as the writer says in 1 Peter 2:23: "When they hurled their insults at him, he did not retaliate; when he suffered, he made no threats. Instead, he entrusted himself to him who judges justly." There are plenty of disagreements about what Jesus and his apostles did or said, some say, but not when it came to the use of violence. They were nonviolent to the bitter end. "The apostles endure imprisonment, beatings, torture and martyrdom at the hands of their enemies, and never once lifted a finger to defend themselves through violent means," wrote G. Shane Morris, in an essay on whether Christians should carry guns in church. You can't find a scripture that justifies armed clergy, says McDonald, senior pastor of First Iconium Baptist Church in Atlanta. "I want them to show me; I guarantee you it's out of context," McDonald says. "What did Jesus say, 'Those who live by the sword will also perish by the sword.' You've got to read the whole scripture, not the part that you want to use to support your position." McDonald says, however, that he sees no conflict with hiring armed and trained security in church. He says he has moved from a position of "no guns" to church security because of the recent attacks in houses of worship. But he won't carry a gun in the pulpit. "A gun for me is based on fear -- you're expecting the worst," McDonald says. "That goes against everything I believe. I expect the best. I'm not going to live in fear. Our trust is in God, not in guns." Boyd, from Colorado Springs, says he respects pastors who believe they should be armed, but he won't carry a gun in the pulpit either. It's not that he has anything against guns. He says he grew up in the Deep South where he was surrounded by guns. But the notion of an untrained pastor drawing down on a gunman from the pulpit as people flee a crowded sanctuary is unnerving. "I am not for arming pastors," he says. "We can actually do more harm than good. The last thing I want to do is to turn it into a Wild West shootout." Nor does he want people in his congregation to bring guns to church. Even with his church's history, he has a message for ordinary parishioners who bring guns to church. "We tell them to put it back in their cars," he says. 'Blessed be the Lord who trains my hands for war' Norry, the rabbi, has no theological problem with congregants who are trained in self-defense bringing guns to worship. What, for example, would happen if a gunman first took out a security guard in a house of worship? Guards would be the first target of a gunman, he says. He wants a backup in his congregation because "police cannot prevent bad things; they respond to bad things." "If there had been four or five armed people in that synagogue, I don't know what would have happened," he says of the congregation in Pittsburgh. "I tell you what, it would have changed the dynamic." Those like Norry who say the Bible justifies clergy and congregants bringing guns to worship cite similar passages: As opposition to him mounted, Jesus told his disciples in Luke: 22:36-38, "If you don't have a sword, sell your cloak and buy one." David, one of the heroes of the Old Testament, says in Psalms 144:1, "Blessed be the Lord, my rock, who trains my hands for war, my fingers for battle." Nehemiah 4:14 says, "Remember the Lord, who is great and awesome, and fight for your families, your sons and your daughters, your wives and your homes." And Genesis 14:14 is one of Norry's favorites. It tells a story of Abraham, considered the father of the Jewish faith: "When Abraham heard that his relative had been taken captive, he called out the 318 trained men born in his household and went in pursuit as far as Dan." "He goes with a militia of people," Norry says. "He gathers arms and people to rescue his kidnapped nephew. He doesn't pray to God, 'Help me make peace among the nations.' He goes ready to make battle." Norry says he doesn't relish the thought of violence. He calls himself a man of peace. He was reluctant to even talk about the fact that he is armed in worship. And he described President Trump's comments that an armed guard inside the synagogue would have stopped Saturday's attack as "tone deaf." But his experience and the headlines have made him wonder what he would do if a gunman were to burst into his synagogue or attack his family. He says violence is justified, "even holy," when it comes to protecting your children and your congregation. "How is fighting back worse? I don't understand that position," he says. "In that moment, you have to fight. You can talk about reducing hate. I'm for that. But why would you want to make me defenseless?" It's not a Biblical passage, but Norry can think of another use of words that could possibly prevent more mass shootings in houses of worship. He cites the signs that churches and other communities often put up to attract visitors. They're often bristling with scriptures, perky uplifting messages and times of services. Norry thinks it might be time to change some of those signs. They would still welcome the stranger. But they would send another message to the wolf that shows up at the door. "How about signs that said, 'Our congregation is trained and prepared to fight back. Go somewhere else.' "I bet you somebody would think twice about messing with that congregation.""
[9].body =>  "When Rabbi Hillel Norry walks though the valley of the shadow of death, he carries something more than a rod and a staff to comfort him. He tucks a large-caliber handgun in his waistband and keeps a watchful eye on his synagogue.  A black belt in Tae Kwon Do, Norry says he armed himself years ago after a man who had left anti-Semitic messages on his phone appeared at a synagogue he once led and threatened to harm him.  A lanky man with a salt-and-pepper beard, Norry says he is a man of peace -- he's a vegetarian who believes in "ethical eating." But he also says it's ethical for clergy and parishioners to be armed. He cites the Bible's description of religious leaders as "shepherds" as proof.  "If we're the shepherds, the first job of the shepherd is to protect the flock from the wolf," says Norry, a visiting rabbi at Congregation Beth Israel in Gulfport, Mississippi. "Why does a shepherd carry a stick? So he can whack the wolf."  Some theological questions are abstract, but after an attack on a synagogue in Pennsylvania left 11 people dead, here's one that is urgent and raw:   What does the Bible say about arming clergy and people in the pews?   The slayings in Squirrel Hill, the heart of a Jewish community in Pittsburgh, is being called the worst attack on Jews in US history. It was also an assault on something else: the way communities of faith have operated for centuries.   Houses of worship are often called sanctuaries, a refuge from the world. Indeed, the scriptural reading in synagogues around the world Saturday focused on Abraham welcoming strangers, who turned out to be angels.  But Saturday's shooting was just the latest in a series of mass shootings in houses of worship where the stranger turned out to be armed. A white supremacist killed nine people at a shooting at a historic black church in Charleston, South Carolina, in 2015. And a gunman killed 26 worshippers at a church in Sutherland Springs, Texas, in 2017. "I hate that this keeps happening," says the Rev. Brady Boyd, senior pastor of New Life Church in Colorado Springs, Colorado, which also became the site of a shooting in 2007. A gunman killed two church members and injured three others just as Sunday service ended.   Boyd cites a saying from Jesus in Matthew 10:16 to justify why he now has armed security at his church: Jesus said his followers should be "wise as serpents and harmless as doves."  "Because people have been shot and killed on my campus, this is not theory to me," says Boyd.  "I know what can happen if we're not prepared."  Part of the preparation is scriptural. Just as people debate the Second Amendment in society, they debate bringing guns to worship in the religious world.   Here's how they use the Bible to justify their positions: Jesus said carry your cross, not your gun  The Rev. Tim McDonald III says he's heard clergy cite the Bible to justify arming clergy and congregants.  "That's absurd," he says. "When you put that in a house of faith it goes against the tenets of our faith, that our trust is in God and not guns."  McDonald and others who don't believe pastors or congregants should be armed cite many of the same scriptures:   Jesus rebukes a disciple who brandishes a sword to defend him, telling him in Matthew 26:52, "For all who take the sword will perish by the sword."    The Apostle Paul says in 2 Corinthians 10:4 that Christians should use weapons that "are not the weapons of the world."  Jesus did not use violence to protect himself, as the writer says in 1 Peter 2:23: "When they hurled their insults at him, he did not retaliate; when he suffered, he made no threats. Instead, he entrusted himself to him who judges justly."   There are plenty of disagreements about what Jesus and his apostles did or said, some say, but not when it came to the use of violence. They were nonviolent to the bitter end.  "The apostles endure imprisonment, beatings, torture and martyrdom at the hands of their enemies, and never once lifted a finger to defend themselves through violent means," wrote G. Shane Morris, in an essay on whether Christians should carry guns in church.  You can't find a scripture that justifies armed clergy, says McDonald, senior pastor of First Iconium Baptist Church in Atlanta.   "I want them to show me; I guarantee you it's out of context," McDonald says. "What did Jesus say, 'Those who live by the sword will also perish by the sword.' You've got to read the whole scripture, not the part that you want to use to support your position."  McDonald says, however, that he sees no conflict with hiring armed and trained security in church. He says he has moved from a position of "no guns" to church security because of the recent attacks in houses of worship.  But he won't carry a gun in the pulpit.  "A gun for me is based on fear -- you're expecting the worst," McDonald says. "That goes against everything I believe. I expect the best. I'm not going to live in fear. Our trust is in God, not in guns."   Boyd, from Colorado Springs, says he respects pastors who believe they should be armed, but he won't carry a gun in the pulpit either.   It's not that he has anything against guns. He says he grew up in the Deep South where he was surrounded by guns. But the notion of an untrained pastor drawing down on a gunman from the pulpit as people flee a crowded sanctuary is unnerving.  "I am not for arming pastors," he says. "We can actually do more harm than good. The last thing I want to do is to turn it into a Wild West shootout."  Nor does he want people in his congregation to bring guns to church. Even with his church's history, he has a message for ordinary parishioners who bring guns to church. "We tell them to put it back in their cars," he says.  'Blessed be the Lord who trains my hands for war'  Norry, the rabbi, has no theological problem with congregants who are trained in self-defense bringing guns to worship.  What, for example, would happen if a gunman first took out a security guard in a house of worship? Guards would be the first target of a gunman, he says. He wants a backup in his congregation because "police cannot prevent bad things; they respond to bad things."  "If there had been four or five armed people in that synagogue, I don't know what would have happened," he says of the congregation in Pittsburgh. "I tell you what, it would have changed the dynamic."  Those like Norry who say the Bible justifies clergy and congregants bringing guns to worship cite similar passages: As opposition to him mounted, Jesus told his disciples in Luke: 22:36-38, "If you don't have a sword, sell your cloak and buy one."   David, one of the heroes of the Old Testament, says in Psalms 144:1, "Blessed be the Lord, my rock, who trains my hands for war, my fingers for battle."   Nehemiah 4:14 says, "Remember the Lord, who is great and awesome, and fight for your families, your sons and your daughters, your wives and your homes."   And Genesis 14:14 is one of Norry's favorites. It tells a story of Abraham, considered the father of the Jewish faith:  "When Abraham heard that his relative had been taken captive, he called out the 318 trained men born in his household and went in pursuit as far as Dan."  "He goes with a militia of people," Norry says. "He gathers arms and people to rescue his kidnapped nephew. He doesn't pray to God, 'Help me make peace among the nations.' He goes ready to make battle."  Norry says he doesn't relish the thought of violence. He calls himself a man of peace. He was reluctant to even talk about the fact that he is armed in worship. And he described President Trump's comments that an armed guard inside the synagogue would have stopped Saturday's attack as  "tone deaf."   But his experience and the headlines have made him wonder what he would do if a gunman were to burst into his synagogue or attack his family.  He says violence is justified, "even holy," when it comes to protecting your children and your congregation.  "How is fighting back worse? I don't understand that position," he says. "In that moment, you have to fight. You can talk about reducing hate. I'm for that. But why would you want to make me defenseless?"  It's not a Biblical passage, but Norry can think of another use of words that could possibly prevent more mass shootings in houses of worship.  He cites the signs that churches and other communities often put up to attract visitors. They're often bristling with scriptures, perky uplifting messages and times of services.  Norry thinks it might be time to change some of those signs.  They would still welcome the stranger.   But they would send another message to the wolf that shows up at the door.  "How about signs that said, 'Our congregation is trained and prepared to fight back. Go somewhere else.'  "I bet you somebody would think twice about messing with that congregation.""


	at junit.framework.Assert.fail(Assert.java:57)
	at org.unitils.reflectionassert.ReflectionAssert.assertReflectionEquals(ReflectionAssert.java:203)
	at Test.AbstractRestApi.testSearchCnnSite(AbstractRestApi.java:43)
	at Test.TestAndroidApi.testSearchCnnSite(TestAndroidApi.java:32)
	at sun.reflect.NativeMethodAccessorImpl.invoke0(Native Method)
	at sun.reflect.NativeMethodAccessorImpl.invoke(NativeMethodAccessorImpl.java:62)
	at sun.reflect.DelegatingMethodAccessorImpl.invoke(DelegatingMethodAccessorImpl.java:43)
	at java.lang.reflect.Method.invoke(Method.java:498)
	at org.junit.runners.model.FrameworkMethod$1.runReflectiveCall(FrameworkMethod.java:50)
	at org.junit.internal.runners.model.ReflectiveCallable.run(ReflectiveCallable.java:12)
	at org.junit.runners.model.FrameworkMethod.invokeExplosively(FrameworkMethod.java:47)
	at org.junit.internal.runners.statements.InvokeMethod.evaluate(InvokeMethod.java:17)
	at org.junit.internal.runners.statements.RunBefores.evaluate(RunBefores.java:26)
	at org.junit.internal.runners.statements.RunAfters.evaluate(RunAfters.java:27)
	at org.junit.runners.ParentRunner.runLeaf(ParentRunner.java:325)
	at org.junit.runners.BlockJUnit4ClassRunner.runChild(BlockJUnit4ClassRunner.java:78)
	at org.junit.runners.BlockJUnit4ClassRunner.runChild(BlockJUnit4ClassRunner.java:57)
	at org.junit.runners.ParentRunner$3.run(ParentRunner.java:290)
	at org.junit.runners.ParentRunner$1.schedule(ParentRunner.java:71)
	at org.junit.runners.ParentRunner.runChildren(ParentRunner.java:288)
	at org.junit.runners.ParentRunner.access$000(ParentRunner.java:58)
	at org.junit.runners.ParentRunner$2.evaluate(ParentRunner.java:268)
	at org.junit.runners.ParentRunner.run(ParentRunner.java:363)
	at org.apache.maven.surefire.junit4.JUnit4TestSet.execute(JUnit4TestSet.java:45)
	at org.apache.maven.surefire.junit4.JUnit4Provider.executeTestSet(JUnit4Provider.java:123)
	at org.apache.maven.surefire.junit4.JUnit4Provider.invoke(JUnit4Provider.java:104)
	at sun.reflect.NativeMethodAccessorImpl.invoke0(Native Method)
	at sun.reflect.NativeMethodAccessorImpl.invoke(NativeMethodAccessorImpl.java:62)
	at sun.reflect.DelegatingMethodAccessorImpl.invoke(DelegatingMethodAccessorImpl.java:43)
	at java.lang.reflect.Method.invoke(Method.java:498)
	at org.apache.maven.surefire.util.ReflectionUtils.invokeMethodWithArray(ReflectionUtils.java:164)
	at org.apache.maven.surefire.booter.ProviderFactory$ProviderProxy.invoke(ProviderFactory.java:110)
	at org.apache.maven.surefire.booter.SurefireStarter.invokeProvider(SurefireStarter.java:175)
	at org.apache.maven.surefire.booter.SurefireStarter.runSuitesInProcessWhenForked(SurefireStarter.java:107)
	at org.apache.maven.surefire.booter.ForkedBooter.main(ForkedBooter.java:68)
