<?xml version="1.0" encoding="UTF-8" ?>
<testsuite tests="2" failures="2" name="Test.TestRestApi" time="65.008" errors="0" skipped="0">
  <properties>
[...]
</properties>
  <testcase classname="Test.TestRestApi" name="testVideoFilterCnnSite" time="32.821">
    <failure message="There are no equal objecrs

Found following differences:

 [0].body
    =&gt;  &quot;CNN&apos;s Jim Acosta describes what it&apos;s like covering President Trump&apos;s rallies, and how it&apos;s the most depressing part of his job as a journalist.&quot;
    =&gt;  &quot;CNN&apos;s Jim Acosta describes what it&apos;s like covering President Trump&apos;s rallies, and how it&apos;s the most depressing part of his job as a journalist. &quot;

 [1].body
    =&gt;  &quot;White House turnover is coming, why the press secretary job has become less important, Democrats pounce after McConnell suggests entitlement cuts, and why 2018 gubernatorial races are so important. It&apos;s all on Inside Politics.&quot;
    =&gt;  &quot;White House turnover is coming, why the press secretary job has become less important, Democrats pounce after McConnell suggests entitlement cuts, and why 2018 gubernatorial races are so important. It&apos;s all on Inside Politics. &quot;

 [3].body
    =&gt;  &quot;When asked if she was a proud Democrat, Arizona Democratic Senate candidate Kyrsten Sinema said she&apos;s a proud Arizonian, but that political parties are not doing a good job.&quot;
    =&gt;  &quot;When asked if she was a proud Democrat, Arizona Democratic Senate candidate Kyrsten Sinema said she&apos;s a proud Arizonian, but that political parties are not doing a good job. &quot;

 [6].body
    =&gt;  &quot;Kayne West met with President Trump at the White House and discussed an array of topics including criminal justice reform, job opportunities for ex-convicts and his Yeezy brand.&quot;
    =&gt;  &quot;Kayne West met with President Trump at the White House and discussed an array of topics including criminal justice reform, job opportunities for ex-convicts and his Yeezy brand. &quot;

 [7].body
    =&gt;  &quot;Kayne West met with President Trump at the White House discussing an array of topics including criminal justice reform, job opportunities for ex-convicts and his Yeezy brand.&quot;
    =&gt;  &quot;Kayne West met with President Trump at the White House discussing an array of topics including criminal justice reform, job opportunities for ex-convicts and his Yeezy brand. &quot;

 [8].body
    =&gt;  &quot;At 30-years-old, Yu Kikuchi was tired of his job. Working in an assembly line that made turbines, he was aching to find a new lease on life. So when he heard about 80-year-old master blacksmith Kosaku Matsumura who made “nata,” or Japanese hatchets, he knew he had found his calling. He moved to the countryside and asked Matsumura to take him on as an apprentice. While Kikuchi has less than thee years of experience under his belt compared to Matsumura&apos;s 50, the young man still hopes to one day be at the level of his master. When the time comes, he hopes to take on an apprentice of his own, passing on the blacksmith’s torch. This Great Big Story was inspired by Genesis.&quot;
    =&gt;  &quot;At 30-years-old, Yu Kikuchi was tired of his job. Working in an assembly line that made turbines, he was aching to find a new lease on life. So when he heard about 80-year-old master blacksmith Kosaku Matsumura who made “nata,” or Japanese hatchets, he knew he had found his calling. He moved to the countryside and asked Matsumura to take him on as an apprentice. While Kikuchi has less than thee years of experience under his belt compared to Matsumura&apos;s 50, the young man still hopes to one day be at the level of his master. When the time comes, he hopes to take on an apprentice of his own, passing on the blacksmith’s torch.

This Great Big Story was inspired by  Genesis.&quot;



--- Difference details ---

 =&gt;  [ResultDTO&lt;headline=&quot;Acosta: Trump rallies depressing part of job&quot;, body=&quot;CNN&apos;s Jim Acosta describes what it&apos;s like covering President Trump&apos;s rallies, and how it&apos;s the most depressing part of his job as a journalist.&quot;&gt;, ResultDTO&lt;headline=&quot;Inside Politics: White House shuffle could come after midterms&quot;, body=&quot;White House turnover is coming, why the press secretary job has become less important, Democrats pounce after McConnell suggests entitlement cuts, and why 2018 gubernatorial races are so important. It&apos;s all on Inside Politics.&quot;&gt;, ResultDTO&lt;headline=&quot;The Wildest Product Testers in the Biz&quot;, body=&quot;In Montana, the most dedicated product testers in the industry get ready to work every day. They problem solve, put their hairy, hairy backs into it and get the job done. Never mind that they’re 600-pound grizzly bears. When bears become habituated to human food, they are often considered dangerous and are either killed or put into captivity. So to keep both bears and people safe, the Bear and Wolf Discovery Center in Montana uses large grizzlies to test bear-resistant products. If the bears are unable to break into a cooler or trashcan in one hour, they get the grizzly seal of approval. If not, the bears get a much deserved lunch break.&quot;&gt;, ResultDTO&lt;headline=&quot;AZ candidate dodges question about Democrats&quot;, body=&quot;When asked if she was a proud Democrat, Arizona Democratic Senate candidate Kyrsten Sinema said she&apos;s a proud Arizonian, but that political parties are not doing a good job.&quot;&gt;, ResultDTO&lt;headline=&quot;CNN10 - 10/18/18&quot;, body=&quot;Armed conflict complicates the fight against Ebola, a job openings report brings optimism to U.S. workers, and a new report card fails many U.S. burger chains.&quot;&gt;, ResultDTO&lt;headline=&quot;Woman blocks man from entering his own home&quot;, body=&quot;A woman in St. Louis was fired from her job after a video went viral of her following a man around the apartment building they both live in and calling the police.&quot;&gt;, ResultDTO&lt;headline=&quot;See Kanye and Trump&apos;s full White House meeting&quot;, body=&quot;Kayne West met with President Trump at the White House and discussed an array of topics including criminal justice reform, job opportunities for ex-convicts and his Yeezy brand.&quot;&gt;, ResultDTO&lt;headline=&quot;Kanye&apos;s monologue leaves Trump speechless&quot;, body=&quot;Kayne West met with President Trump at the White House discussing an array of topics including criminal justice reform, job opportunities for ex-convicts and his Yeezy brand.&quot;&gt;, ResultDTO&lt;headline=&quot;Carrying On the Blacksmith’s Torch&quot;, body=&quot;At 30-years-old, Yu Kikuchi was tired of his job. Working in an assembly line that made turbines, he was aching to find a new lease on life. So when he heard about 80-year-old master blacksmith Kosaku Matsumura who made “nata,” or Japanese hatchets, he knew he had found his calling. He moved to the countryside and asked Matsumura to take him on as an apprentice. While Kikuchi has less than thee years of experience under his belt compared to Matsumura&apos;s 50, the young man still hopes to one day be at the level of his master. When the time comes, he hopes to take on an apprentice of his own, passing on the blacksmith’s torch. This Great Big Story was inspired by Genesis.&quot;&gt;, ResultDTO&lt;headline=&quot;Who is Hope Hicks?&quot;, body=&quot;Former Trump White House communications director Hope Hicks has landed a new job at FOX.&quot;&gt;]
 =&gt;  [ResultDTO&lt;headline=&quot;Acosta: Trump rallies depressing part of job&quot;, body=&quot;CNN&apos;s Jim Acosta describes what it&apos;s like covering President Trump&apos;s rallies, and how it&apos;s the most depressing part of his job as a journalist. &quot;&gt;, ResultDTO&lt;headline=&quot;Inside Politics: White House shuffle could come after midterms&quot;, body=&quot;White House turnover is coming, why the press secretary job has become less important, Democrats pounce after McConnell suggests entitlement cuts, and why 2018 gubernatorial races are so important. It&apos;s all on Inside Politics. &quot;&gt;, ResultDTO&lt;headline=&quot;The Wildest Product Testers in the Biz&quot;, body=&quot;In Montana, the most dedicated product testers in the industry get ready to work every day. They problem solve, put their hairy, hairy backs into it and get the job done. Never mind that they’re 600-pound grizzly bears. When bears become habituated to human food, they are often considered dangerous and are either killed or put into captivity. So to keep both bears and people safe, the Bear and Wolf Discovery Center in Montana uses large grizzlies to test bear-resistant products. If the bears are unable to break into a cooler or trashcan in one hour, they get the grizzly seal of approval. If not, the bears get a much deserved lunch break.&quot;&gt;, ResultDTO&lt;headline=&quot;AZ candidate dodges question about Democrats&quot;, body=&quot;When asked if she was a proud Democrat, Arizona Democratic Senate candidate Kyrsten Sinema said she&apos;s a proud Arizonian, but that political parties are not doing a good job. &quot;&gt;, ResultDTO&lt;headline=&quot;CNN10 - 10/18/18&quot;, body=&quot;Armed conflict complicates the fight against Ebola, a job openings report brings optimism to U.S. workers, and a new report card fails many U.S. burger chains.&quot;&gt;, ResultDTO&lt;headline=&quot;Woman blocks man from entering his own home&quot;, body=&quot;A woman in St. Louis was fired from her job after a video went viral of her following a man around the apartment building they both live in and calling the police.&quot;&gt;, ResultDTO&lt;headline=&quot;See Kanye and Trump&apos;s full White House meeting&quot;, body=&quot;Kayne West met with President Trump at the White House and discussed an array of topics including criminal justice reform, job opportunities for ex-convicts and his Yeezy brand. &quot;&gt;, ResultDTO&lt;headline=&quot;Kanye&apos;s monologue leaves Trump speechless&quot;, body=&quot;Kayne West met with President Trump at the White House discussing an array of topics including criminal justice reform, job opportunities for ex-convicts and his Yeezy brand. &quot;&gt;, ResultDTO&lt;headline=&quot;Carrying On the Blacksmith’s Torch&quot;, body=&quot;At 30-years-old, Yu Kikuchi was tired of his job. Working in an assembly line that made turbines, he was aching to find a new lease on life. So when he heard about 80-year-old master blacksmith Kosaku Matsumura who made “nata,” or Japanese hatchets, he knew he had found his calling. He moved to the countryside and asked Matsumura to take him on as an apprentice. While Kikuchi has less than thee years of experience under his belt compared to Matsumura&apos;s 50, the young man still hopes to one day be at the level of his master. When the time comes, he hopes to take on an apprentice of his own, passing on the blacksmith’s torch.

This Great Big Story was inspired by  Genesis.&quot;&gt;, ResultDTO&lt;headline=&quot;Who is Hope Hicks?&quot;, body=&quot;Former Trump White House communications director Hope Hicks has landed a new job at FOX.&quot;&gt;]

[0] =&gt;  ResultDTO&lt;headline=&quot;Acosta: Trump rallies depressing part of job&quot;, body=&quot;CNN&apos;s Jim Acosta describes what it&apos;s like covering President Trump&apos;s rallies, and how it&apos;s the most depressing part of his job as a journalist.&quot;&gt;
[0] =&gt;  ResultDTO&lt;headline=&quot;Acosta: Trump rallies depressing part of job&quot;, body=&quot;CNN&apos;s Jim Acosta describes what it&apos;s like covering President Trump&apos;s rallies, and how it&apos;s the most depressing part of his job as a journalist. &quot;&gt;

[0].body =&gt;  &quot;CNN&apos;s Jim Acosta describes what it&apos;s like covering President Trump&apos;s rallies, and how it&apos;s the most depressing part of his job as a journalist.&quot;
[0].body =&gt;  &quot;CNN&apos;s Jim Acosta describes what it&apos;s like covering President Trump&apos;s rallies, and how it&apos;s the most depressing part of his job as a journalist. &quot;

[1] =&gt;  ResultDTO&lt;headline=&quot;Inside Politics: White House shuffle could come after midterms&quot;, body=&quot;White House turnover is coming, why the press secretary job has become less important, Democrats pounce after McConnell suggests entitlement cuts, and why 2018 gubernatorial races are so important. It&apos;s all on Inside Politics.&quot;&gt;
[1] =&gt;  ResultDTO&lt;headline=&quot;Inside Politics: White House shuffle could come after midterms&quot;, body=&quot;White House turnover is coming, why the press secretary job has become less important, Democrats pounce after McConnell suggests entitlement cuts, and why 2018 gubernatorial races are so important. It&apos;s all on Inside Politics. &quot;&gt;

[1].body =&gt;  &quot;White House turnover is coming, why the press secretary job has become less important, Democrats pounce after McConnell suggests entitlement cuts, and why 2018 gubernatorial races are so important. It&apos;s all on Inside Politics.&quot;
[1].body =&gt;  &quot;White House turnover is coming, why the press secretary job has become less important, Democrats pounce after McConnell suggests entitlement cuts, and why 2018 gubernatorial races are so important. It&apos;s all on Inside Politics. &quot;

[3] =&gt;  ResultDTO&lt;headline=&quot;AZ candidate dodges question about Democrats&quot;, body=&quot;When asked if she was a proud Democrat, Arizona Democratic Senate candidate Kyrsten Sinema said she&apos;s a proud Arizonian, but that political parties are not doing a good job.&quot;&gt;
[3] =&gt;  ResultDTO&lt;headline=&quot;AZ candidate dodges question about Democrats&quot;, body=&quot;When asked if she was a proud Democrat, Arizona Democratic Senate candidate Kyrsten Sinema said she&apos;s a proud Arizonian, but that political parties are not doing a good job. &quot;&gt;

[3].body =&gt;  &quot;When asked if she was a proud Democrat, Arizona Democratic Senate candidate Kyrsten Sinema said she&apos;s a proud Arizonian, but that political parties are not doing a good job.&quot;
[3].body =&gt;  &quot;When asked if she was a proud Democrat, Arizona Democratic Senate candidate Kyrsten Sinema said she&apos;s a proud Arizonian, but that political parties are not doing a good job. &quot;

[6] =&gt;  ResultDTO&lt;headline=&quot;See Kanye and Trump&apos;s full White House meeting&quot;, body=&quot;Kayne West met with President Trump at the White House and discussed an array of topics including criminal justice reform, job opportunities for ex-convicts and his Yeezy brand.&quot;&gt;
[6] =&gt;  ResultDTO&lt;headline=&quot;See Kanye and Trump&apos;s full White House meeting&quot;, body=&quot;Kayne West met with President Trump at the White House and discussed an array of topics including criminal justice reform, job opportunities for ex-convicts and his Yeezy brand. &quot;&gt;

[6].body =&gt;  &quot;Kayne West met with President Trump at the White House and discussed an array of topics including criminal justice reform, job opportunities for ex-convicts and his Yeezy brand.&quot;
[6].body =&gt;  &quot;Kayne West met with President Trump at the White House and discussed an array of topics including criminal justice reform, job opportunities for ex-convicts and his Yeezy brand. &quot;

[7] =&gt;  ResultDTO&lt;headline=&quot;Kanye&apos;s monologue leaves Trump speechless&quot;, body=&quot;Kayne West met with President Trump at the White House discussing an array of topics including criminal justice reform, job opportunities for ex-convicts and his Yeezy brand.&quot;&gt;
[7] =&gt;  ResultDTO&lt;headline=&quot;Kanye&apos;s monologue leaves Trump speechless&quot;, body=&quot;Kayne West met with President Trump at the White House discussing an array of topics including criminal justice reform, job opportunities for ex-convicts and his Yeezy brand. &quot;&gt;

[7].body =&gt;  &quot;Kayne West met with President Trump at the White House discussing an array of topics including criminal justice reform, job opportunities for ex-convicts and his Yeezy brand.&quot;
[7].body =&gt;  &quot;Kayne West met with President Trump at the White House discussing an array of topics including criminal justice reform, job opportunities for ex-convicts and his Yeezy brand. &quot;

[8] =&gt;  ResultDTO&lt;headline=&quot;Carrying On the Blacksmith’s Torch&quot;, body=&quot;At 30-years-old, Yu Kikuchi was tired of his job. Working in an assembly line that made turbines, he was aching to find a new lease on life. So when he heard about 80-year-old master blacksmith Kosaku Matsumura who made “nata,” or Japanese hatchets, he knew he had found his calling. He moved to the countryside and asked Matsumura to take him on as an apprentice. While Kikuchi has less than thee years of experience under his belt compared to Matsumura&apos;s 50, the young man still hopes to one day be at the level of his master. When the time comes, he hopes to take on an apprentice of his own, passing on the blacksmith’s torch. This Great Big Story was inspired by Genesis.&quot;&gt;
[8] =&gt;  ResultDTO&lt;headline=&quot;Carrying On the Blacksmith’s Torch&quot;, body=&quot;At 30-years-old, Yu Kikuchi was tired of his job. Working in an assembly line that made turbines, he was aching to find a new lease on life. So when he heard about 80-year-old master blacksmith Kosaku Matsumura who made “nata,” or Japanese hatchets, he knew he had found his calling. He moved to the countryside and asked Matsumura to take him on as an apprentice. While Kikuchi has less than thee years of experience under his belt compared to Matsumura&apos;s 50, the young man still hopes to one day be at the level of his master. When the time comes, he hopes to take on an apprentice of his own, passing on the blacksmith’s torch.

This Great Big Story was inspired by  Genesis.&quot;&gt;

[8].body =&gt;  &quot;At 30-years-old, Yu Kikuchi was tired of his job. Working in an assembly line that made turbines, he was aching to find a new lease on life. So when he heard about 80-year-old master blacksmith Kosaku Matsumura who made “nata,” or Japanese hatchets, he knew he had found his calling. He moved to the countryside and asked Matsumura to take him on as an apprentice. While Kikuchi has less than thee years of experience under his belt compared to Matsumura&apos;s 50, the young man still hopes to one day be at the level of his master. When the time comes, he hopes to take on an apprentice of his own, passing on the blacksmith’s torch. This Great Big Story was inspired by Genesis.&quot;
[8].body =&gt;  &quot;At 30-years-old, Yu Kikuchi was tired of his job. Working in an assembly line that made turbines, he was aching to find a new lease on life. So when he heard about 80-year-old master blacksmith Kosaku Matsumura who made “nata,” or Japanese hatchets, he knew he had found his calling. He moved to the countryside and asked Matsumura to take him on as an apprentice. While Kikuchi has less than thee years of experience under his belt compared to Matsumura&apos;s 50, the young man still hopes to one day be at the level of his master. When the time comes, he hopes to take on an apprentice of his own, passing on the blacksmith’s torch.

This Great Big Story was inspired by  Genesis.&quot;

" type="junit.framework.AssertionFailedError">junit.framework.AssertionFailedError: There are no equal objecrs

Found following differences:

 [0].body
    =&gt;  &quot;CNN&apos;s Jim Acosta describes what it&apos;s like covering President Trump&apos;s rallies, and how it&apos;s the most depressing part of his job as a journalist.&quot;
    =&gt;  &quot;CNN&apos;s Jim Acosta describes what it&apos;s like covering President Trump&apos;s rallies, and how it&apos;s the most depressing part of his job as a journalist. &quot;

 [1].body
    =&gt;  &quot;White House turnover is coming, why the press secretary job has become less important, Democrats pounce after McConnell suggests entitlement cuts, and why 2018 gubernatorial races are so important. It&apos;s all on Inside Politics.&quot;
    =&gt;  &quot;White House turnover is coming, why the press secretary job has become less important, Democrats pounce after McConnell suggests entitlement cuts, and why 2018 gubernatorial races are so important. It&apos;s all on Inside Politics. &quot;

 [3].body
    =&gt;  &quot;When asked if she was a proud Democrat, Arizona Democratic Senate candidate Kyrsten Sinema said she&apos;s a proud Arizonian, but that political parties are not doing a good job.&quot;
    =&gt;  &quot;When asked if she was a proud Democrat, Arizona Democratic Senate candidate Kyrsten Sinema said she&apos;s a proud Arizonian, but that political parties are not doing a good job. &quot;

 [6].body
    =&gt;  &quot;Kayne West met with President Trump at the White House and discussed an array of topics including criminal justice reform, job opportunities for ex-convicts and his Yeezy brand.&quot;
    =&gt;  &quot;Kayne West met with President Trump at the White House and discussed an array of topics including criminal justice reform, job opportunities for ex-convicts and his Yeezy brand. &quot;

 [7].body
    =&gt;  &quot;Kayne West met with President Trump at the White House discussing an array of topics including criminal justice reform, job opportunities for ex-convicts and his Yeezy brand.&quot;
    =&gt;  &quot;Kayne West met with President Trump at the White House discussing an array of topics including criminal justice reform, job opportunities for ex-convicts and his Yeezy brand. &quot;

 [8].body
    =&gt;  &quot;At 30-years-old, Yu Kikuchi was tired of his job. Working in an assembly line that made turbines, he was aching to find a new lease on life. So when he heard about 80-year-old master blacksmith Kosaku Matsumura who made “nata,” or Japanese hatchets, he knew he had found his calling. He moved to the countryside and asked Matsumura to take him on as an apprentice. While Kikuchi has less than thee years of experience under his belt compared to Matsumura&apos;s 50, the young man still hopes to one day be at the level of his master. When the time comes, he hopes to take on an apprentice of his own, passing on the blacksmith’s torch. This Great Big Story was inspired by Genesis.&quot;
    =&gt;  &quot;At 30-years-old, Yu Kikuchi was tired of his job. Working in an assembly line that made turbines, he was aching to find a new lease on life. So when he heard about 80-year-old master blacksmith Kosaku Matsumura who made “nata,” or Japanese hatchets, he knew he had found his calling. He moved to the countryside and asked Matsumura to take him on as an apprentice. While Kikuchi has less than thee years of experience under his belt compared to Matsumura&apos;s 50, the young man still hopes to one day be at the level of his master. When the time comes, he hopes to take on an apprentice of his own, passing on the blacksmith’s torch.

This Great Big Story was inspired by  Genesis.&quot;



--- Difference details ---

 =&gt;  [ResultDTO&lt;headline=&quot;Acosta: Trump rallies depressing part of job&quot;, body=&quot;CNN&apos;s Jim Acosta describes what it&apos;s like covering President Trump&apos;s rallies, and how it&apos;s the most depressing part of his job as a journalist.&quot;&gt;, ResultDTO&lt;headline=&quot;Inside Politics: White House shuffle could come after midterms&quot;, body=&quot;White House turnover is coming, why the press secretary job has become less important, Democrats pounce after McConnell suggests entitlement cuts, and why 2018 gubernatorial races are so important. It&apos;s all on Inside Politics.&quot;&gt;, ResultDTO&lt;headline=&quot;The Wildest Product Testers in the Biz&quot;, body=&quot;In Montana, the most dedicated product testers in the industry get ready to work every day. They problem solve, put their hairy, hairy backs into it and get the job done. Never mind that they’re 600-pound grizzly bears. When bears become habituated to human food, they are often considered dangerous and are either killed or put into captivity. So to keep both bears and people safe, the Bear and Wolf Discovery Center in Montana uses large grizzlies to test bear-resistant products. If the bears are unable to break into a cooler or trashcan in one hour, they get the grizzly seal of approval. If not, the bears get a much deserved lunch break.&quot;&gt;, ResultDTO&lt;headline=&quot;AZ candidate dodges question about Democrats&quot;, body=&quot;When asked if she was a proud Democrat, Arizona Democratic Senate candidate Kyrsten Sinema said she&apos;s a proud Arizonian, but that political parties are not doing a good job.&quot;&gt;, ResultDTO&lt;headline=&quot;CNN10 - 10/18/18&quot;, body=&quot;Armed conflict complicates the fight against Ebola, a job openings report brings optimism to U.S. workers, and a new report card fails many U.S. burger chains.&quot;&gt;, ResultDTO&lt;headline=&quot;Woman blocks man from entering his own home&quot;, body=&quot;A woman in St. Louis was fired from her job after a video went viral of her following a man around the apartment building they both live in and calling the police.&quot;&gt;, ResultDTO&lt;headline=&quot;See Kanye and Trump&apos;s full White House meeting&quot;, body=&quot;Kayne West met with President Trump at the White House and discussed an array of topics including criminal justice reform, job opportunities for ex-convicts and his Yeezy brand.&quot;&gt;, ResultDTO&lt;headline=&quot;Kanye&apos;s monologue leaves Trump speechless&quot;, body=&quot;Kayne West met with President Trump at the White House discussing an array of topics including criminal justice reform, job opportunities for ex-convicts and his Yeezy brand.&quot;&gt;, ResultDTO&lt;headline=&quot;Carrying On the Blacksmith’s Torch&quot;, body=&quot;At 30-years-old, Yu Kikuchi was tired of his job. Working in an assembly line that made turbines, he was aching to find a new lease on life. So when he heard about 80-year-old master blacksmith Kosaku Matsumura who made “nata,” or Japanese hatchets, he knew he had found his calling. He moved to the countryside and asked Matsumura to take him on as an apprentice. While Kikuchi has less than thee years of experience under his belt compared to Matsumura&apos;s 50, the young man still hopes to one day be at the level of his master. When the time comes, he hopes to take on an apprentice of his own, passing on the blacksmith’s torch. This Great Big Story was inspired by Genesis.&quot;&gt;, ResultDTO&lt;headline=&quot;Who is Hope Hicks?&quot;, body=&quot;Former Trump White House communications director Hope Hicks has landed a new job at FOX.&quot;&gt;]
 =&gt;  [ResultDTO&lt;headline=&quot;Acosta: Trump rallies depressing part of job&quot;, body=&quot;CNN&apos;s Jim Acosta describes what it&apos;s like covering President Trump&apos;s rallies, and how it&apos;s the most depressing part of his job as a journalist. &quot;&gt;, ResultDTO&lt;headline=&quot;Inside Politics: White House shuffle could come after midterms&quot;, body=&quot;White House turnover is coming, why the press secretary job has become less important, Democrats pounce after McConnell suggests entitlement cuts, and why 2018 gubernatorial races are so important. It&apos;s all on Inside Politics. &quot;&gt;, ResultDTO&lt;headline=&quot;The Wildest Product Testers in the Biz&quot;, body=&quot;In Montana, the most dedicated product testers in the industry get ready to work every day. They problem solve, put their hairy, hairy backs into it and get the job done. Never mind that they’re 600-pound grizzly bears. When bears become habituated to human food, they are often considered dangerous and are either killed or put into captivity. So to keep both bears and people safe, the Bear and Wolf Discovery Center in Montana uses large grizzlies to test bear-resistant products. If the bears are unable to break into a cooler or trashcan in one hour, they get the grizzly seal of approval. If not, the bears get a much deserved lunch break.&quot;&gt;, ResultDTO&lt;headline=&quot;AZ candidate dodges question about Democrats&quot;, body=&quot;When asked if she was a proud Democrat, Arizona Democratic Senate candidate Kyrsten Sinema said she&apos;s a proud Arizonian, but that political parties are not doing a good job. &quot;&gt;, ResultDTO&lt;headline=&quot;CNN10 - 10/18/18&quot;, body=&quot;Armed conflict complicates the fight against Ebola, a job openings report brings optimism to U.S. workers, and a new report card fails many U.S. burger chains.&quot;&gt;, ResultDTO&lt;headline=&quot;Woman blocks man from entering his own home&quot;, body=&quot;A woman in St. Louis was fired from her job after a video went viral of her following a man around the apartment building they both live in and calling the police.&quot;&gt;, ResultDTO&lt;headline=&quot;See Kanye and Trump&apos;s full White House meeting&quot;, body=&quot;Kayne West met with President Trump at the White House and discussed an array of topics including criminal justice reform, job opportunities for ex-convicts and his Yeezy brand. &quot;&gt;, ResultDTO&lt;headline=&quot;Kanye&apos;s monologue leaves Trump speechless&quot;, body=&quot;Kayne West met with President Trump at the White House discussing an array of topics including criminal justice reform, job opportunities for ex-convicts and his Yeezy brand. &quot;&gt;, ResultDTO&lt;headline=&quot;Carrying On the Blacksmith’s Torch&quot;, body=&quot;At 30-years-old, Yu Kikuchi was tired of his job. Working in an assembly line that made turbines, he was aching to find a new lease on life. So when he heard about 80-year-old master blacksmith Kosaku Matsumura who made “nata,” or Japanese hatchets, he knew he had found his calling. He moved to the countryside and asked Matsumura to take him on as an apprentice. While Kikuchi has less than thee years of experience under his belt compared to Matsumura&apos;s 50, the young man still hopes to one day be at the level of his master. When the time comes, he hopes to take on an apprentice of his own, passing on the blacksmith’s torch.

This Great Big Story was inspired by  Genesis.&quot;&gt;, ResultDTO&lt;headline=&quot;Who is Hope Hicks?&quot;, body=&quot;Former Trump White House communications director Hope Hicks has landed a new job at FOX.&quot;&gt;]

[0] =&gt;  ResultDTO&lt;headline=&quot;Acosta: Trump rallies depressing part of job&quot;, body=&quot;CNN&apos;s Jim Acosta describes what it&apos;s like covering President Trump&apos;s rallies, and how it&apos;s the most depressing part of his job as a journalist.&quot;&gt;
[0] =&gt;  ResultDTO&lt;headline=&quot;Acosta: Trump rallies depressing part of job&quot;, body=&quot;CNN&apos;s Jim Acosta describes what it&apos;s like covering President Trump&apos;s rallies, and how it&apos;s the most depressing part of his job as a journalist. &quot;&gt;

[0].body =&gt;  &quot;CNN&apos;s Jim Acosta describes what it&apos;s like covering President Trump&apos;s rallies, and how it&apos;s the most depressing part of his job as a journalist.&quot;
[0].body =&gt;  &quot;CNN&apos;s Jim Acosta describes what it&apos;s like covering President Trump&apos;s rallies, and how it&apos;s the most depressing part of his job as a journalist. &quot;

[1] =&gt;  ResultDTO&lt;headline=&quot;Inside Politics: White House shuffle could come after midterms&quot;, body=&quot;White House turnover is coming, why the press secretary job has become less important, Democrats pounce after McConnell suggests entitlement cuts, and why 2018 gubernatorial races are so important. It&apos;s all on Inside Politics.&quot;&gt;
[1] =&gt;  ResultDTO&lt;headline=&quot;Inside Politics: White House shuffle could come after midterms&quot;, body=&quot;White House turnover is coming, why the press secretary job has become less important, Democrats pounce after McConnell suggests entitlement cuts, and why 2018 gubernatorial races are so important. It&apos;s all on Inside Politics. &quot;&gt;

[1].body =&gt;  &quot;White House turnover is coming, why the press secretary job has become less important, Democrats pounce after McConnell suggests entitlement cuts, and why 2018 gubernatorial races are so important. It&apos;s all on Inside Politics.&quot;
[1].body =&gt;  &quot;White House turnover is coming, why the press secretary job has become less important, Democrats pounce after McConnell suggests entitlement cuts, and why 2018 gubernatorial races are so important. It&apos;s all on Inside Politics. &quot;

[3] =&gt;  ResultDTO&lt;headline=&quot;AZ candidate dodges question about Democrats&quot;, body=&quot;When asked if she was a proud Democrat, Arizona Democratic Senate candidate Kyrsten Sinema said she&apos;s a proud Arizonian, but that political parties are not doing a good job.&quot;&gt;
[3] =&gt;  ResultDTO&lt;headline=&quot;AZ candidate dodges question about Democrats&quot;, body=&quot;When asked if she was a proud Democrat, Arizona Democratic Senate candidate Kyrsten Sinema said she&apos;s a proud Arizonian, but that political parties are not doing a good job. &quot;&gt;

[3].body =&gt;  &quot;When asked if she was a proud Democrat, Arizona Democratic Senate candidate Kyrsten Sinema said she&apos;s a proud Arizonian, but that political parties are not doing a good job.&quot;
[3].body =&gt;  &quot;When asked if she was a proud Democrat, Arizona Democratic Senate candidate Kyrsten Sinema said she&apos;s a proud Arizonian, but that political parties are not doing a good job. &quot;

[6] =&gt;  ResultDTO&lt;headline=&quot;See Kanye and Trump&apos;s full White House meeting&quot;, body=&quot;Kayne West met with President Trump at the White House and discussed an array of topics including criminal justice reform, job opportunities for ex-convicts and his Yeezy brand.&quot;&gt;
[6] =&gt;  ResultDTO&lt;headline=&quot;See Kanye and Trump&apos;s full White House meeting&quot;, body=&quot;Kayne West met with President Trump at the White House and discussed an array of topics including criminal justice reform, job opportunities for ex-convicts and his Yeezy brand. &quot;&gt;

[6].body =&gt;  &quot;Kayne West met with President Trump at the White House and discussed an array of topics including criminal justice reform, job opportunities for ex-convicts and his Yeezy brand.&quot;
[6].body =&gt;  &quot;Kayne West met with President Trump at the White House and discussed an array of topics including criminal justice reform, job opportunities for ex-convicts and his Yeezy brand. &quot;

[7] =&gt;  ResultDTO&lt;headline=&quot;Kanye&apos;s monologue leaves Trump speechless&quot;, body=&quot;Kayne West met with President Trump at the White House discussing an array of topics including criminal justice reform, job opportunities for ex-convicts and his Yeezy brand.&quot;&gt;
[7] =&gt;  ResultDTO&lt;headline=&quot;Kanye&apos;s monologue leaves Trump speechless&quot;, body=&quot;Kayne West met with President Trump at the White House discussing an array of topics including criminal justice reform, job opportunities for ex-convicts and his Yeezy brand. &quot;&gt;

[7].body =&gt;  &quot;Kayne West met with President Trump at the White House discussing an array of topics including criminal justice reform, job opportunities for ex-convicts and his Yeezy brand.&quot;
[7].body =&gt;  &quot;Kayne West met with President Trump at the White House discussing an array of topics including criminal justice reform, job opportunities for ex-convicts and his Yeezy brand. &quot;

[8] =&gt;  ResultDTO&lt;headline=&quot;Carrying On the Blacksmith’s Torch&quot;, body=&quot;At 30-years-old, Yu Kikuchi was tired of his job. Working in an assembly line that made turbines, he was aching to find a new lease on life. So when he heard about 80-year-old master blacksmith Kosaku Matsumura who made “nata,” or Japanese hatchets, he knew he had found his calling. He moved to the countryside and asked Matsumura to take him on as an apprentice. While Kikuchi has less than thee years of experience under his belt compared to Matsumura&apos;s 50, the young man still hopes to one day be at the level of his master. When the time comes, he hopes to take on an apprentice of his own, passing on the blacksmith’s torch. This Great Big Story was inspired by Genesis.&quot;&gt;
[8] =&gt;  ResultDTO&lt;headline=&quot;Carrying On the Blacksmith’s Torch&quot;, body=&quot;At 30-years-old, Yu Kikuchi was tired of his job. Working in an assembly line that made turbines, he was aching to find a new lease on life. So when he heard about 80-year-old master blacksmith Kosaku Matsumura who made “nata,” or Japanese hatchets, he knew he had found his calling. He moved to the countryside and asked Matsumura to take him on as an apprentice. While Kikuchi has less than thee years of experience under his belt compared to Matsumura&apos;s 50, the young man still hopes to one day be at the level of his master. When the time comes, he hopes to take on an apprentice of his own, passing on the blacksmith’s torch.

This Great Big Story was inspired by  Genesis.&quot;&gt;

[8].body =&gt;  &quot;At 30-years-old, Yu Kikuchi was tired of his job. Working in an assembly line that made turbines, he was aching to find a new lease on life. So when he heard about 80-year-old master blacksmith Kosaku Matsumura who made “nata,” or Japanese hatchets, he knew he had found his calling. He moved to the countryside and asked Matsumura to take him on as an apprentice. While Kikuchi has less than thee years of experience under his belt compared to Matsumura&apos;s 50, the young man still hopes to one day be at the level of his master. When the time comes, he hopes to take on an apprentice of his own, passing on the blacksmith’s torch. This Great Big Story was inspired by Genesis.&quot;
[8].body =&gt;  &quot;At 30-years-old, Yu Kikuchi was tired of his job. Working in an assembly line that made turbines, he was aching to find a new lease on life. So when he heard about 80-year-old master blacksmith Kosaku Matsumura who made “nata,” or Japanese hatchets, he knew he had found his calling. He moved to the countryside and asked Matsumura to take him on as an apprentice. While Kikuchi has less than thee years of experience under his belt compared to Matsumura&apos;s 50, the young man still hopes to one day be at the level of his master. When the time comes, he hopes to take on an apprentice of his own, passing on the blacksmith’s torch.

This Great Big Story was inspired by  Genesis.&quot;


	at junit.framework.Assert.fail(Assert.java:57)
	at org.unitils.reflectionassert.ReflectionAssert.assertReflectionEquals(ReflectionAssert.java:203)
	at Test.AbstractRestApi.testVideoFilterCnnSite(AbstractRestApi.java:54)
	at Test.TestRestApi.testVideoFilterCnnSite(TestRestApi.java:26)
	at sun.reflect.NativeMethodAccessorImpl.invoke0(Native Method)
	at sun.reflect.NativeMethodAccessorImpl.invoke(NativeMethodAccessorImpl.java:62)
	at sun.reflect.DelegatingMethodAccessorImpl.invoke(DelegatingMethodAccessorImpl.java:43)
	at java.lang.reflect.Method.invoke(Method.java:498)
	at org.junit.runners.model.FrameworkMethod$1.runReflectiveCall(FrameworkMethod.java:50)
	at org.junit.internal.runners.model.ReflectiveCallable.run(ReflectiveCallable.java:12)
	at org.junit.runners.model.FrameworkMethod.invokeExplosively(FrameworkMethod.java:47)
	at org.junit.internal.runners.statements.InvokeMethod.evaluate(InvokeMethod.java:17)
	at org.junit.internal.runners.statements.RunBefores.evaluate(RunBefores.java:26)
	at org.junit.internal.runners.statements.RunAfters.evaluate(RunAfters.java:27)
	at org.junit.runners.ParentRunner.runLeaf(ParentRunner.java:325)
	at org.junit.runners.BlockJUnit4ClassRunner.runChild(BlockJUnit4ClassRunner.java:78)
	at org.junit.runners.BlockJUnit4ClassRunner.runChild(BlockJUnit4ClassRunner.java:57)
	at org.junit.runners.ParentRunner$3.run(ParentRunner.java:290)
	at org.junit.runners.ParentRunner$1.schedule(ParentRunner.java:71)
	at org.junit.runners.ParentRunner.runChildren(ParentRunner.java:288)
	at org.junit.runners.ParentRunner.access$000(ParentRunner.java:58)
	at org.junit.runners.ParentRunner$2.evaluate(ParentRunner.java:268)
	at org.junit.runners.ParentRunner.run(ParentRunner.java:363)
	at org.apache.maven.surefire.junit4.JUnit4TestSet.execute(JUnit4TestSet.java:45)
	at org.apache.maven.surefire.junit4.JUnit4Provider.executeTestSet(JUnit4Provider.java:123)
	at org.apache.maven.surefire.junit4.JUnit4Provider.invoke(JUnit4Provider.java:104)
	at sun.reflect.NativeMethodAccessorImpl.invoke0(Native Method)
	at sun.reflect.NativeMethodAccessorImpl.invoke(NativeMethodAccessorImpl.java:62)
	at sun.reflect.DelegatingMethodAccessorImpl.invoke(DelegatingMethodAccessorImpl.java:43)
	at java.lang.reflect.Method.invoke(Method.java:498)
	at org.apache.maven.surefire.util.ReflectionUtils.invokeMethodWithArray(ReflectionUtils.java:164)
	at org.apache.maven.surefire.booter.ProviderFactory$ProviderProxy.invoke(ProviderFactory.java:110)
	at org.apache.maven.surefire.booter.SurefireStarter.invokeProvider(SurefireStarter.java:175)
	at org.apache.maven.surefire.booter.SurefireStarter.runSuitesInProcessWhenForked(SurefireStarter.java:107)
	at org.apache.maven.surefire.booter.ForkedBooter.main(ForkedBooter.java:68)
</failure>
    <system-out>Request method:	GET
Request path:	https://search.api.cnn.io/content?q=job&amp;size=10&amp;type=video
Proxy:			&lt;none&gt;
Request params:	&lt;none&gt;
Query params:	&lt;none&gt;
Form params:	&lt;none&gt;
Path params:	&lt;none&gt;
Multiparts:		&lt;none&gt;
Headers:		Accept=*/*
Cookies:		&lt;none&gt;
Body:			&lt;none&gt;
HTTP/1.1 200 OK
Content-Type: application/json
Content-Length: 22528
Connection: keep-alive
Date: Mon, 29 Oct 2018 23:07:54 GMT
x-amzn-RequestId: 7772de82-dbcf-11e8-aa27-6bd65d18a9b1
Access-Control-Allow-Origin: *
x-amz-apigw-id: PjPfnE-MIAMF0kg=
X-Amzn-Trace-Id: Root=1-5bd792ca-08e433d0e42d8992e35e7c0a;Sampled=0
X-Cache: Miss from cloudfront
Via: 1.1 e0979791e4e8140f905f62a6402a06d0.cloudfront.net (CloudFront)
X-Amz-Cf-Id: dECfpRCkZ2qiQVJWiA-gpnMX3dAhfr4r14CfwYC-1kd9V-d0nAuu6Q==

{
    &quot;result&quot;: [
        {
            &quot;_id&quot;: &quot;h_f9eea4b3f4f019e96a9a7c907a9f57d3&quot;,
            &quot;type&quot;: &quot;video&quot;,
            &quot;sourceId&quot;: &quot;video_978C230F-04A8-1A4E-9663-9D1331BFBCB1&quot;,
            &quot;url&quot;: &quot;https://www.cnn.com/videos/politics/2018/10/22/acosta-on-trump-rallies-sot-citizen-by-cnn-wolf-vpx.cnn&quot;,
            &quot;path&quot;: &quot;/videos/politics/2018/10/22/acosta-on-trump-rallies-sot-citizen-by-cnn-wolf-vpx.cnn&quot;,
            &quot;source&quot;: &quot;cnn&quot;,
            &quot;contributors&quot;: [
                
            ],
            &quot;firstPublishDate&quot;: &quot;2018-10-22T19:17:31Z&quot;,
            &quot;lastModifiedDate&quot;: &quot;2018-10-23T09:18:30Z&quot;,
            &quot;headline&quot;: &quot;Acosta: Trump rallies depressing part of job&quot;,
            &quot;section&quot;: &quot;politics&quot;,
            &quot;mappedSection&quot;: &quot;POLITICS&quot;,
            &quot;body&quot;: &quot;CNN&apos;s Jim Acosta describes what it&apos;s like covering President Trump&apos;s rallies, and how it&apos;s the most depressing part of his job as a journalist. &quot;,
            &quot;thumbnail&quot;: &quot;https://cdn.cnn.com/cnnnext/dam/assets/181022150309-acosta-citizen-102218-story-body.jpg&quot;,
            &quot;trt&quot;: 112.84617951284618,
            &quot;language&quot;: &quot;en&quot;,
            &quot;location&quot;: null,
            &quot;byLine&quot;: null,
            &quot;tags&quot;: [
                {
                    &quot;id&quot;: &quot;fbe98f94-1270-4f73-beb1-6afa11d63269&quot;
                },
                {
                    &quot;id&quot;: &quot;8d113eea-6377-43fe-a4a7-43304d074a68&quot;
                },
                {
                    &quot;id&quot;: &quot;14d23dee-f385-4bb9-b3e6-a7e2b9e9ecb0&quot;
                },
                {
                    &quot;id&quot;: &quot;7691bc4e-7b66-4400-9ce9-789f697ada59&quot;
                },
                {
                    &quot;id&quot;: &quot;56cd35df-860d-494f-addd-97e2ae434604&quot;
                },
                {
                    &quot;id&quot;: &quot;2a6d2be3-2b41-4eed-b951-8591724a2a63&quot;
                },
                {
                    &quot;id&quot;: &quot;29e2ee2a-6115-4a69-ae08-7518c546b70c&quot;
                },
                {
                    &quot;id&quot;: &quot;7007a07e-9c8e-4773-a6f2-92340f67c13d&quot;
                },
                {
                    &quot;id&quot;: &quot;8041cc9b-1edc-4395-88e0-2d8c1e4a6e0e&quot;
                },
                {
                    &quot;id&quot;: &quot;c0fa8aaa-8c65-485d-808f-8165e66d931d&quot;
                },
                {
                    &quot;id&quot;: &quot;3f72e7a5-3e51-4a2f-a567-eda6cb4d7734&quot;
                },
                {
                    &quot;id&quot;: &quot;bfbad1a7-137f-47f7-9126-daaaf3f3984c&quot;
                },
                {
                    &quot;id&quot;: &quot;f080539d-cb98-4ec5-bb03-a9ac76801fbd&quot;
                },
                {
                    &quot;id&quot;: &quot;367de685-425c-4d43-9330-c12428eb77e6&quot;
                },
                {
                    &quot;id&quot;: &quot;b852b5d8-31c6-49e9-8ff1-986a55356fa1&quot;
                },
                {
                    &quot;id&quot;: &quot;a4d99550-b3e5-4316-a33a-fa71fbd84509&quot;
                },
                {
                    &quot;id&quot;: &quot;85186acd-6f35-432b-9fd7-5586c122151d&quot;
                },
                {
                    &quot;id&quot;: &quot;5513f688-c810-4746-9612-5d9aa4fab994&quot;
                },
                {
                    &quot;id&quot;: &quot;ba65a338-c7ea-48df-a75f-f66b59576260&quot;
                },
                {
                    &quot;id&quot;: &quot;fac832e0-e093-5f0b-b5e0-4abb7b4e4fa9&quot;
                },
                {
                    &quot;id&quot;: &quot;c753c773-f66f-52cb-ba12-1bdf4573b592&quot;
                },
                {
                    &quot;id&quot;: &quot;7a9e5fff-f987-5dc5-8ce2-17c778f6082f&quot;
                },
                {
                    &quot;id&quot;: &quot;d73e719e-040c-4840-a2a6-c04b8310dfcb&quot;
                },
                {
                    &quot;id&quot;: &quot;edbe1e5e-ef24-4ab9-bfd1-b29c17df9f6f&quot;
                }
            ]
        },
        {
            &quot;_id&quot;: &quot;h_eb90f8a85f869c518ef282c93c7f077b&quot;,
            &quot;type&quot;: &quot;video&quot;,
            &quot;sourceId&quot;: &quot;video_3B593973-709B-725B-4149-96C42A6E41E6&quot;,
            &quot;url&quot;: &quot;https://www.cnn.com/videos/tv/2018/10/21/ip-notebooks-1021.cnn&quot;,
            &quot;path&quot;: &quot;/videos/tv/2018/10/21/ip-notebooks-1021.cnn&quot;,
            &quot;source&quot;: &quot;cnn&quot;,
            &quot;contributors&quot;: [
                
            ],
            &quot;firstPublishDate&quot;: &quot;2018-10-21T14:34:37Z&quot;,
            &quot;lastModifiedDate&quot;: &quot;2018-10-21T14:41:13Z&quot;,
            &quot;headline&quot;: &quot;Inside Politics: White House shuffle could come after midterms&quot;,
            &quot;section&quot;: &quot;tv&quot;,
            &quot;body&quot;: &quot;White House turnover is coming, why the press secretary job has become less important, Democrats pounce after McConnell suggests entitlement cuts, and why 2018 gubernatorial races are so important. It&apos;s all on Inside Politics. &quot;,
            &quot;thumbnail&quot;: &quot;https://cdn.cnn.com/cnnnext/dam/assets/181021093816-ip-group-photo-1021-story-body.jpg&quot;,
            &quot;trt&quot;: 253.35335335335336,
            &quot;language&quot;: &quot;en&quot;,
            &quot;location&quot;: null,
            &quot;byLine&quot;: null,
            &quot;mappedSection&quot;: null,
            &quot;tags&quot;: [
                {
                    &quot;id&quot;: &quot;fbe98f94-1270-4f73-beb1-6afa11d63269&quot;
                },
                {
                    &quot;id&quot;: &quot;4703ba56-731b-43cb-98e1-afdfd87223c8&quot;
                },
                {
                    &quot;id&quot;: &quot;66a91e44-147f-4977-a0ac-d64c4c872816&quot;
                },
                {
                    &quot;id&quot;: &quot;18f3e242-2811-4e08-9424-145261521f2c&quot;
                },
                {
                    &quot;id&quot;: &quot;cbde3ef7-670e-4a2f-92f5-ac4c47a40182&quot;
                },
                {
                    &quot;id&quot;: &quot;4ca9ca04-5e0b-4ce6-a069-a9be49d96673&quot;
                },
                {
                    &quot;id&quot;: &quot;7691bc4e-7b66-4400-9ce9-789f697ada59&quot;
                },
                {
                    &quot;id&quot;: &quot;29e2ee2a-6115-4a69-ae08-7518c546b70c&quot;
                },
                {
                    &quot;id&quot;: &quot;18b4e1d8-ec4a-5fda-91ef-2bce221387c9&quot;
                },
                {
                    &quot;id&quot;: &quot;0573e95e-2332-551e-a3a7-cacaeac0d4ad&quot;
                },
                {
                    &quot;id&quot;: &quot;bd0bf3d7-f33b-4c20-812f-f9ad2b527846&quot;
                },
                {
                    &quot;id&quot;: &quot;aac41cdb-1c96-50d6-84a2-26f38c45ade8&quot;
                },
                {
                    &quot;id&quot;: &quot;8070779c-1d93-4db8-9bc5-08d78c5fb8bd&quot;
                },
                {
                    &quot;id&quot;: &quot;4dd09362-531b-4bf2-aa3d-69d0397343ad&quot;
                },
                {
                    &quot;id&quot;: &quot;7007a07e-9c8e-4773-a6f2-92340f67c13d&quot;
                },
                {
                    &quot;id&quot;: &quot;8041cc9b-1edc-4395-88e0-2d8c1e4a6e0e&quot;
                },
                {
                    &quot;id&quot;: &quot;c0fa8aaa-8c65-485d-808f-8165e66d931d&quot;
                },
                {
                    &quot;id&quot;: &quot;3f72e7a5-3e51-4a2f-a567-eda6cb4d7734&quot;
                },
                {
                    &quot;id&quot;: &quot;367de685-425c-4d43-9330-c12428eb77e6&quot;
                },
                {
                    &quot;id&quot;: &quot;b852b5d8-31c6-49e9-8ff1-986a55356fa1&quot;
                },
                {
                    &quot;id&quot;: &quot;bab9050e-c88a-46c8-b005-0bde4af67ea5&quot;
                },
                {
                    &quot;id&quot;: &quot;5aa9e10b-1672-47d0-b9ad-68fb99bf3608&quot;
                },
                {
                    &quot;id&quot;: &quot;3c4b8156-ac6f-48c2-90c8-bc18e0e184b9&quot;
                },
                {
                    &quot;id&quot;: &quot;49b3767f-e5b3-40be-aee2-f6c1d7c9fe7c&quot;
                },
                {
                    &quot;id&quot;: &quot;90c9652f-0401-5e1a-a95c-af91c8a8e89a&quot;
                },
                {
                    &quot;id&quot;: &quot;ba9f1081-de82-46ee-b793-f1cc61551c8f&quot;
                },
                {
                    &quot;id&quot;: &quot;fac832e0-e093-5f0b-b5e0-4abb7b4e4fa9&quot;
                },
                {
                    &quot;id&quot;: &quot;fd78ba0f-6aa3-417a-9510-f7168a72a5b9&quot;
                },
                {
                    &quot;id&quot;: &quot;e27dc7eb-49b4-5c09-b9b6-336313bf63a2&quot;
                },
                {
                    &quot;id&quot;: &quot;4ccf7de0-5c99-5e8e-95dd-54ef32c131a0&quot;
                },
                {
                    &quot;id&quot;: &quot;5a28e968-c756-5767-9284-e39252a0517d&quot;
                },
                {
                    &quot;id&quot;: &quot;f7d91cb9-6766-5f89-a816-1fb16ad022c1&quot;
                },
                {
                    &quot;id&quot;: &quot;c753c773-f66f-52cb-ba12-1bdf4573b592&quot;
                },
                {
                    &quot;id&quot;: &quot;351388b3-4b00-4915-8554-7c2076363e74&quot;
                },
                {
                    &quot;id&quot;: &quot;51eaaa4f-69b0-5675-8848-0d89d18dc4b8&quot;
                },
                {
                    &quot;id&quot;: &quot;60c41881-be5f-5a1f-8724-bcc180edcf02&quot;
                },
                {
                    &quot;id&quot;: &quot;9c5826c0-329c-54ce-b065-3826ae02b3ab&quot;
                },
                {
                    &quot;id&quot;: &quot;8c227858-cddf-41b4-9eee-7acdde84ad8c&quot;
                },
                {
                    &quot;id&quot;: &quot;64184fbc-3dd7-58e6-8a55-185777a0c091&quot;
                },
                {
                    &quot;id&quot;: &quot;7a9e5fff-f987-5dc5-8ce2-17c778f6082f&quot;
                },
                {
                    &quot;id&quot;: &quot;73334f7e-5c3c-4773-9db9-9b5e9e6ffb68&quot;
                },
                {
                    &quot;id&quot;: &quot;c810e808-1a6f-4dbd-8040-81ad66428375&quot;
                },
                {
                    &quot;id&quot;: &quot;c63da53d-e2b5-5514-979f-257a6ac91c96&quot;
                },
                {
                    &quot;id&quot;: &quot;d73e719e-040c-4840-a2a6-c04b8310dfcb&quot;
                },
                {
                    &quot;id&quot;: &quot;79644b68-75b7-5fd0-82c4-f2d49f3fc64a&quot;
                },
                {
                    &quot;id&quot;: &quot;9b9aed9f-e3a5-479a-81e5-600f0b0cb607&quot;
                }
            ]
        },
        {
            &quot;_id&quot;: &quot;h_02d453a5f95cc57d1478da7390daaea4&quot;,
            &quot;type&quot;: &quot;video&quot;,
            &quot;sourceId&quot;: &quot;4436&quot;,
            &quot;url&quot;: &quot;http://www.greatbigstory.com/stories/bears-as-product-testers&quot;,
            &quot;path&quot;: &quot;/stories/bears-as-product-testers&quot;,
            &quot;source&quot;: &quot;api.greatbigstory.com&quot;,
            &quot;contributors&quot;: [
                
            ],
            &quot;firstPublishDate&quot;: &quot;2018-10-19T13:51:03Z&quot;,
            &quot;lastModifiedDate&quot;: &quot;2018-10-19T13:51:03Z&quot;,
            &quot;headline&quot;: &quot;The Wildest Product Testers in the Biz&quot;,
            &quot;section&quot;: null,
            &quot;body&quot;: &quot;In Montana, the most dedicated product testers in the industry get ready to work every day. They problem solve, put their hairy, hairy backs into it and get the job done. Never mind that they’re 600-pound grizzly bears. When bears become habituated to human food, they are often considered dangerous and are either killed or put into captivity. So to keep both bears and people safe, the Bear and Wolf Discovery Center in Montana uses large grizzlies to test bear-resistant products. If the bears are unable to break into a cooler or trashcan in one hour, they get the grizzly seal of approval. If not, the bears get a much deserved lunch break.&quot;,
            &quot;thumbnail&quot;: &quot;&quot;,
            &quot;trt&quot;: 242,
            &quot;language&quot;: &quot;en&quot;,
            &quot;location&quot;: null,
            &quot;byLine&quot;: null,
            &quot;mappedSection&quot;: null
        },
        {
            &quot;_id&quot;: &quot;h_c7266d9eec694936231462f58af1ed21&quot;,
            &quot;type&quot;: &quot;video&quot;,
            &quot;sourceId&quot;: &quot;video_BF004A41-4852-26B9-A427-880E01EB1742&quot;,
            &quot;url&quot;: &quot;https://www.cnn.com/videos/politics/2018/10/18/arizona-democrat-kyrsten-sinema-message-do-better-sot-ip-vpx.cnn&quot;,
            &quot;path&quot;: &quot;/videos/politics/2018/10/18/arizona-democrat-kyrsten-sinema-message-do-better-sot-ip-vpx.cnn&quot;,
            &quot;source&quot;: &quot;cnn&quot;,
            &quot;contributors&quot;: [
                
            ],
            &quot;firstPublishDate&quot;: &quot;2018-10-18T17:13:03Z&quot;,
            &quot;lastModifiedDate&quot;: &quot;2018-10-18T17:13:03Z&quot;,
            &quot;headline&quot;: &quot;AZ candidate dodges question about Democrats&quot;,
            &quot;section&quot;: &quot;politics&quot;,
            &quot;mappedSection&quot;: &quot;POLITICS&quot;,
            &quot;body&quot;: &quot;When asked if she was a proud Democrat, Arizona Democratic Senate candidate Kyrsten Sinema said she&apos;s a proud Arizonian, but that political parties are not doing a good job. &quot;,
            &quot;thumbnail&quot;: &quot;https://cdn.cnn.com/cnnnext/dam/assets/180829094227-kyrsten-sinema-portrait-story-body.jpg&quot;,
            &quot;trt&quot;: 55.65565565565566,
            &quot;language&quot;: &quot;en&quot;,
            &quot;tags&quot;: [
                {
                    &quot;id&quot;: &quot;ec8f08d4-5810-40bc-add5-e5de12542ef4&quot;
                },
                {
                    &quot;id&quot;: &quot;fbe98f94-1270-4f73-beb1-6afa11d63269&quot;
                },
                {
                    &quot;id&quot;: &quot;18f3e242-2811-4e08-9424-145261521f2c&quot;
                },
                {
                    &quot;id&quot;: &quot;7691bc4e-7b66-4400-9ce9-789f697ada59&quot;
                },
                {
                    &quot;id&quot;: &quot;1e65c657-7631-4da7-adc6-cb77e07e3cb5&quot;
                },
                {
                    &quot;id&quot;: &quot;3bd8ce0e-7a6d-47c2-8db9-66d5e7178b59&quot;
                },
                {
                    &quot;id&quot;: &quot;29e2ee2a-6115-4a69-ae08-7518c546b70c&quot;
                },
                {
                    &quot;id&quot;: &quot;0573e95e-2332-551e-a3a7-cacaeac0d4ad&quot;
                },
                {
                    &quot;id&quot;: &quot;563b6ec3-390a-5074-b0a2-cdd4360e7003&quot;
                },
                {
                    &quot;id&quot;: &quot;9c4a4f95-d8bd-4fd3-b3f4-8f9d2fe6b699&quot;
                },
                {
                    &quot;id&quot;: &quot;8041cc9b-1edc-4395-88e0-2d8c1e4a6e0e&quot;
                },
                {
                    &quot;id&quot;: &quot;c0fa8aaa-8c65-485d-808f-8165e66d931d&quot;
                },
                {
                    &quot;id&quot;: &quot;3f72e7a5-3e51-4a2f-a567-eda6cb4d7734&quot;
                },
                {
                    &quot;id&quot;: &quot;367de685-425c-4d43-9330-c12428eb77e6&quot;
                },
                {
                    &quot;id&quot;: &quot;b852b5d8-31c6-49e9-8ff1-986a55356fa1&quot;
                },
                {
                    &quot;id&quot;: &quot;49b3767f-e5b3-40be-aee2-f6c1d7c9fe7c&quot;
                },
                {
                    &quot;id&quot;: &quot;90c9652f-0401-5e1a-a95c-af91c8a8e89a&quot;
                },
                {
                    &quot;id&quot;: &quot;ba9f1081-de82-46ee-b793-f1cc61551c8f&quot;
                },
                {
                    &quot;id&quot;: &quot;85186acd-6f35-432b-9fd7-5586c122151d&quot;
                },
                {
                    &quot;id&quot;: &quot;ba65a338-c7ea-48df-a75f-f66b59576260&quot;
                },
                {
                    &quot;id&quot;: &quot;15b65e37-2543-43f2-a460-1e2c44f2f158&quot;
                },
                {
                    &quot;id&quot;: &quot;7bacc4f5-0758-4abd-a57e-c3633bd0f1aa&quot;
                },
                {
                    &quot;id&quot;: &quot;b7d87976-22be-4e92-82f2-a977c74dd73c&quot;
                },
                {
                    &quot;id&quot;: &quot;ba149945-03c8-4584-83c3-13dd4e4b89cd&quot;
                },
                {
                    &quot;id&quot;: &quot;c8456516-b9be-42bc-ac2f-c96364001bee&quot;
                },
                {
                    &quot;id&quot;: &quot;aa67276b-8530-439b-914f-1be2979f9bc7&quot;
                },
                {
                    &quot;id&quot;: &quot;fac832e0-e093-5f0b-b5e0-4abb7b4e4fa9&quot;
                },
                {
                    &quot;id&quot;: &quot;c753c773-f66f-52cb-ba12-1bdf4573b592&quot;
                },
                {
                    &quot;id&quot;: &quot;bd0bf3d7-f33b-4c20-812f-f9ad2b527846&quot;
                },
                {
                    &quot;id&quot;: &quot;c810e808-1a6f-4dbd-8040-81ad66428375&quot;
                },
                {
                    &quot;id&quot;: &quot;43441895-bdab-5ff0-86d1-7a9b975412ef&quot;
                },
                {
                    &quot;id&quot;: &quot;626c05ff-4e48-4d81-ae36-156bf7b25eef&quot;
                }
            ]
        },
        {
            &quot;_id&quot;: &quot;h_ad31f241848c7bab0aced6c8083d5b3a&quot;,
            &quot;type&quot;: &quot;video&quot;,
            &quot;sourceId&quot;: &quot;video_DFCAEA77-B518-2474-DDBC-83D639387D70&quot;,
            &quot;url&quot;: &quot;https://www.cnn.com/videos/cnn10/2018/10/17/ten-1018.cnn&quot;,
            &quot;path&quot;: &quot;/videos/cnn10/2018/10/17/ten-1018.cnn&quot;,
            &quot;source&quot;: &quot;cnn&quot;,
            &quot;contributors&quot;: [
                
            ],
            &quot;firstPublishDate&quot;: &quot;2018-10-17T22:24:04Z&quot;,
            &quot;lastModifiedDate&quot;: &quot;2018-10-17T22:24:47Z&quot;,
            &quot;headline&quot;: &quot;CNN10 - 10/18/18&quot;,
            &quot;section&quot;: &quot;cnn10&quot;,
            &quot;body&quot;: &quot;Armed conflict complicates the fight against Ebola, a job openings report brings optimism to U.S. workers, and a new report card fails many U.S. burger chains.&quot;,
            &quot;thumbnail&quot;: &quot;https://cdn.cnn.com/cnnnext/dam/assets/181017181018-ten-1018-00014101-story-body.jpg&quot;,
            &quot;trt&quot;: 600.1668335001668,
            &quot;language&quot;: &quot;en&quot;,
            &quot;tags&quot;: [
                {
                    &quot;id&quot;: &quot;a73205c1-746a-4c5f-9fe3-c4899509b137&quot;
                },
                {
                    &quot;id&quot;: &quot;fbe98f94-1270-4f73-beb1-6afa11d63269&quot;
                },
                {
                    &quot;id&quot;: &quot;d2cb73e8-f654-45e1-90f4-af9fccb7d4d5&quot;
                },
                {
                    &quot;id&quot;: &quot;20756437-f0bf-48a5-954c-3d75819665e0&quot;
                },
                {
                    &quot;id&quot;: &quot;66a91e44-147f-4977-a0ac-d64c4c872816&quot;
                },
                {
                    &quot;id&quot;: &quot;ab265c31-9612-4529-adaa-eb88262b919b&quot;
                },
                {
                    &quot;id&quot;: &quot;c456c24c-c275-43ed-975b-ce965c599d7b&quot;
                },
                {
                    &quot;id&quot;: &quot;227ed2ea-3b75-4943-9929-d964d273b779&quot;
                },
                {
                    &quot;id&quot;: &quot;25ee6997-91a5-4ab3-b9f4-3ebbd27c3ac1&quot;
                },
                {
                    &quot;id&quot;: &quot;3d2b88d1-524c-4cbf-bed0-a5c5240addb8&quot;
                },
                {
                    &quot;id&quot;: &quot;9b312ba7-acb3-4dec-b914-1cea7f923185&quot;
                },
                {
                    &quot;id&quot;: &quot;7b2f2b7b-bf5b-4ec9-81d2-ba5ab6b6f722&quot;
                },
                {
                    &quot;id&quot;: &quot;50929057-db58-4e4d-b6e9-d0a334c00b85&quot;
                },
                {
                    &quot;id&quot;: &quot;def74471-b707-48b8-9a19-6db8eb06a6c1&quot;
                },
                {
                    &quot;id&quot;: &quot;344856d0-5325-4881-9571-61c5fad9ed67&quot;
                },
                {
                    &quot;id&quot;: &quot;1af5cb18-6a8c-4534-a253-b144d21c6f71&quot;
                },
                {
                    &quot;id&quot;: &quot;a7533e1a-8a54-48b5-aab0-065e872e3fa2&quot;
                },
                {
                    &quot;id&quot;: &quot;7bacc4f5-0758-4abd-a57e-c3633bd0f1aa&quot;
                },
                {
                    &quot;id&quot;: &quot;055c447d-7723-45d1-9b6c-666852321fd9&quot;
                },
                {
                    &quot;id&quot;: &quot;059763e4-dd35-4648-a6f1-1d1b8c67b92e&quot;
                },
                {
                    &quot;id&quot;: &quot;7cd44adb-3a50-52d3-8a63-c391bf338b6f&quot;
                },
                {
                    &quot;id&quot;: &quot;daf27e00-52a3-5f6f-890c-9d96b65fb3eb&quot;
                },
                {
                    &quot;id&quot;: &quot;762abd14-33dc-431e-9cc0-ea53d1aa4f35&quot;
                },
                {
                    &quot;id&quot;: &quot;8fa3328d-837b-576a-bc04-11901d6be65f&quot;
                },
                {
                    &quot;id&quot;: &quot;ee092cee-486c-52e5-be79-f4514b9c3351&quot;
                },
                {
                    &quot;id&quot;: &quot;dd217f17-7487-5b50-b569-6094a855b375&quot;
                },
                {
                    &quot;id&quot;: &quot;5a28e968-c756-5767-9284-e39252a0517d&quot;
                },
                {
                    &quot;id&quot;: &quot;ed659c64-d645-4fa5-95a4-5e03498ee5e7&quot;
                },
                {
                    &quot;id&quot;: &quot;45f90d59-e56b-4274-a493-cd15a533f196&quot;
                },
                {
                    &quot;id&quot;: &quot;38f576f7-4089-5f1f-be42-e43fb2a10b94&quot;
                },
                {
                    &quot;id&quot;: &quot;e27dc7eb-49b4-5c09-b9b6-336313bf63a2&quot;
                },
                {
                    &quot;id&quot;: &quot;8041cc9b-1edc-4395-88e0-2d8c1e4a6e0e&quot;
                },
                {
                    &quot;id&quot;: &quot;c0fa8aaa-8c65-485d-808f-8165e66d931d&quot;
                },
                {
                    &quot;id&quot;: &quot;3f72e7a5-3e51-4a2f-a567-eda6cb4d7734&quot;
                },
                {
                    &quot;id&quot;: &quot;367de685-425c-4d43-9330-c12428eb77e6&quot;
                },
                {
                    &quot;id&quot;: &quot;b852b5d8-31c6-49e9-8ff1-986a55356fa1&quot;
                },
                {
                    &quot;id&quot;: &quot;a4d99550-b3e5-4316-a33a-fa71fbd84509&quot;
                },
                {
                    &quot;id&quot;: &quot;5aa9e10b-1672-47d0-b9ad-68fb99bf3608&quot;
                },
                {
                    &quot;id&quot;: &quot;3c4b8156-ac6f-48c2-90c8-bc18e0e184b9&quot;
                },
                {
                    &quot;id&quot;: &quot;7691bc4e-7b66-4400-9ce9-789f697ada59&quot;
                },
                {
                    &quot;id&quot;: &quot;15b65e37-2543-43f2-a460-1e2c44f2f158&quot;
                },
                {
                    &quot;id&quot;: &quot;b7d87976-22be-4e92-82f2-a977c74dd73c&quot;
                },
                {
                    &quot;id&quot;: &quot;ba149945-03c8-4584-83c3-13dd4e4b89cd&quot;
                },
                {
                    &quot;id&quot;: &quot;c8456516-b9be-42bc-ac2f-c96364001bee&quot;
                },
                {
                    &quot;id&quot;: &quot;fac832e0-e093-5f0b-b5e0-4abb7b4e4fa9&quot;
                },
                {
                    &quot;id&quot;: &quot;4ccf7de0-5c99-5e8e-95dd-54ef32c131a0&quot;
                },
                {
                    &quot;id&quot;: &quot;66cc9413-86f6-5ec3-ab65-e396d52da65b&quot;
                },
                {
                    &quot;id&quot;: &quot;95d175cb-8194-5b8f-817c-2c705378455d&quot;
                },
                {
                    &quot;id&quot;: &quot;33d025c6-0a92-5ac6-9128-49c63027db3f&quot;
                },
                {
                    &quot;id&quot;: &quot;becdb368-f72e-48ff-953e-e3cd855c9b8b&quot;
                },
                {
                    &quot;id&quot;: &quot;4c42df73-5eb2-4c3b-8217-8a20fa862143&quot;
                },
                {
                    &quot;id&quot;: &quot;e7a5dd8f-07a2-5276-831b-6b1e022115fe&quot;
                },
                {
                    &quot;id&quot;: &quot;11586ce0-c706-519f-a588-0328e616224f&quot;
                },
                {
                    &quot;id&quot;: &quot;0482b8d5-6e16-5d36-b293-e28f62dae290&quot;
                },
                {
                    &quot;id&quot;: &quot;c63da53d-e2b5-5514-979f-257a6ac91c96&quot;
                },
                {
                    &quot;id&quot;: &quot;7c58f73e-aea8-482c-88cc-fbf883162b7d&quot;
                },
                {
                    &quot;id&quot;: &quot;518c0efc-3d88-5b83-8cdc-cd83e54220b4&quot;
                },
                {
                    &quot;id&quot;: &quot;9198e7bf-019d-4a75-942d-90b994e393c5&quot;
                },
                {
                    &quot;id&quot;: &quot;85f8a40c-da8a-5406-998e-98266d8a60a7&quot;
                },
                {
                    &quot;id&quot;: &quot;12967d01-3194-4c24-b4a8-91f471860718&quot;
                }
            ]
        },
        {
            &quot;_id&quot;: &quot;h_e6d86c80eec33664049457a75befae07&quot;,
            &quot;type&quot;: &quot;video&quot;,
            &quot;sourceId&quot;: &quot;video_DA386CD5-4329-2A3D-B1AC-781306A74928&quot;,
            &quot;url&quot;: &quot;https://www.cnn.com/videos/us/2018/10/15/woman-blocks-man-entering-apartment-viral-video-mxp-vpx.hln&quot;,
            &quot;path&quot;: &quot;/videos/us/2018/10/15/woman-blocks-man-entering-apartment-viral-video-mxp-vpx.hln&quot;,
            &quot;source&quot;: &quot;cnn&quot;,
            &quot;contributors&quot;: [
                
            ],
            &quot;firstPublishDate&quot;: &quot;2018-10-15T14:18:06Z&quot;,
            &quot;lastModifiedDate&quot;: &quot;2018-10-17T15:40:31Z&quot;,
            &quot;headline&quot;: &quot;Woman blocks man from entering his own home&quot;,
            &quot;section&quot;: &quot;us&quot;,
            &quot;mappedSection&quot;: &quot;US&quot;,
            &quot;body&quot;: &quot;A woman in St. Louis was fired from her job after a video went viral of her following a man around the apartment building they both live in and calling the police.&quot;,
            &quot;thumbnail&quot;: &quot;https://cdn.cnn.com/cnnnext/dam/assets/181015153759-woman-blocks-man-entering-apartment-viral-video-mxp-vpx-00002419-story-body.jpg&quot;,
            &quot;trt&quot;: 65.76576576576576,
            &quot;language&quot;: &quot;en&quot;,
            &quot;tags&quot;: [
                {
                    &quot;id&quot;: &quot;ece59290-1fba-4dc3-a348-6956aa20c71c&quot;
                },
                {
                    &quot;id&quot;: &quot;66a91e44-147f-4977-a0ac-d64c4c872816&quot;
                },
                {
                    &quot;id&quot;: &quot;cbde3ef7-670e-4a2f-92f5-ac4c47a40182&quot;
                },
                {
                    &quot;id&quot;: &quot;0c1f8ef8-478e-46ff-ae98-03c06daff7ee&quot;
                },
                {
                    &quot;id&quot;: &quot;ef33282f-9024-4dbf-9e08-3b6233995785&quot;
                },
                {
                    &quot;id&quot;: &quot;093141c3-cad9-4111-831f-9098d289e88d&quot;
                },
                {
                    &quot;id&quot;: &quot;0383cea8-a8ee-49fb-bfb1-f26c70e7e87c&quot;
                },
                {
                    &quot;id&quot;: &quot;9a3c7c78-33d8-42c1-a01d-d1694a423e95&quot;
                },
                {
                    &quot;id&quot;: &quot;73334f7e-5c3c-4773-9db9-9b5e9e6ffb68&quot;
                },
                {
                    &quot;id&quot;: &quot;8041cc9b-1edc-4395-88e0-2d8c1e4a6e0e&quot;
                },
                {
                    &quot;id&quot;: &quot;367de685-425c-4d43-9330-c12428eb77e6&quot;
                },
                {
                    &quot;id&quot;: &quot;c7397a5d-786c-44de-a59d-1c9cd6e9cf03&quot;
                },
                {
                    &quot;id&quot;: &quot;bab9050e-c88a-46c8-b005-0bde4af67ea5&quot;
                },
                {
                    &quot;id&quot;: &quot;3c4b8156-ac6f-48c2-90c8-bc18e0e184b9&quot;
                },
                {
                    &quot;id&quot;: &quot;15b65e37-2543-43f2-a460-1e2c44f2f158&quot;
                },
                {
                    &quot;id&quot;: &quot;7bacc4f5-0758-4abd-a57e-c3633bd0f1aa&quot;
                },
                {
                    &quot;id&quot;: &quot;8082a23f-9318-4c6e-b3c7-5f11aa967d87&quot;
                },
                {
                    &quot;id&quot;: &quot;b7d87976-22be-4e92-82f2-a977c74dd73c&quot;
                },
                {
                    &quot;id&quot;: &quot;ba149945-03c8-4584-83c3-13dd4e4b89cd&quot;
                },
                {
                    &quot;id&quot;: &quot;c8456516-b9be-42bc-ac2f-c96364001bee&quot;
                },
                {
                    &quot;id&quot;: &quot;740a3b62-07ba-4958-9553-3f2d2317395c&quot;
                },
                {
                    &quot;id&quot;: &quot;fac832e0-e093-5f0b-b5e0-4abb7b4e4fa9&quot;
                },
                {
                    &quot;id&quot;: &quot;3b401dcb-9964-5e73-8d3e-8d6c2c48a288&quot;
                },
                {
                    &quot;id&quot;: &quot;5a28e968-c756-5767-9284-e39252a0517d&quot;
                },
                {
                    &quot;id&quot;: &quot;95e6524c-9692-4f20-99de-7e4a401a69e6&quot;
                },
                {
                    &quot;id&quot;: &quot;f7d91cb9-6766-5f89-a816-1fb16ad022c1&quot;
                },
                {
                    &quot;id&quot;: &quot;351388b3-4b00-4915-8554-7c2076363e74&quot;
                },
                {
                    &quot;id&quot;: &quot;80f3b9c3-a02e-5894-9465-e9338d4d0532&quot;
                },
                {
                    &quot;id&quot;: &quot;b5289d08-93e0-4c9b-aad0-edb888c8a849&quot;
                },
                {
                    &quot;id&quot;: &quot;60c41881-be5f-5a1f-8724-bcc180edcf02&quot;
                },
                {
                    &quot;id&quot;: &quot;9c5826c0-329c-54ce-b065-3826ae02b3ab&quot;
                },
                {
                    &quot;id&quot;: &quot;2e7fe0c6-9286-5952-ae61-15445e10a091&quot;
                },
                {
                    &quot;id&quot;: &quot;3c24b902-a35b-5fe5-b8ab-d2c983192cb6&quot;
                },
                {
                    &quot;id&quot;: &quot;edbe1e5e-ef24-4ab9-bfd1-b29c17df9f6f&quot;
                }
            ],
            &quot;location&quot;: null,
            &quot;byLine&quot;: null
        },
        {
            &quot;_id&quot;: &quot;h_aff26b3a61ceb2d014e0e8f42dd412a2&quot;,
            &quot;type&quot;: &quot;video&quot;,
            &quot;sourceId&quot;: &quot;video_8D537254-5949-9F62-647C-64A7DE5506F3&quot;,
            &quot;url&quot;: &quot;https://www.cnn.com/videos/politics/2018/10/11/kanye-west-trump-white-house-meeting-full-vpx.cnn&quot;,
            &quot;path&quot;: &quot;/videos/politics/2018/10/11/kanye-west-trump-white-house-meeting-full-vpx.cnn&quot;,
            &quot;source&quot;: &quot;cnn&quot;,
            &quot;contributors&quot;: [
                
            ],
            &quot;firstPublishDate&quot;: &quot;2018-10-11T20:43:09Z&quot;,
            &quot;lastModifiedDate&quot;: &quot;2018-10-11T23:00:21Z&quot;,
            &quot;headline&quot;: &quot;See Kanye and Trump&apos;s full White House meeting&quot;,
            &quot;section&quot;: &quot;politics&quot;,
            &quot;mappedSection&quot;: &quot;POLITICS&quot;,
            &quot;body&quot;: &quot;Kayne West met with President Trump at the White House and discussed an array of topics including criminal justice reform, job opportunities for ex-convicts and his Yeezy brand. &quot;,
            &quot;thumbnail&quot;: &quot;https://cdn.cnn.com/cnnnext/dam/assets/181011144005-04-trump-kanye-1011-story-body.jpg&quot;,
            &quot;trt&quot;: 1187.1871871871872,
            &quot;language&quot;: &quot;en&quot;,
            &quot;tags&quot;: [
                {
                    &quot;id&quot;: &quot;fd529c2d-a4f7-4f7e-b39a-850e8a28c03f&quot;
                },
                {
                    &quot;id&quot;: &quot;fbe98f94-1270-4f73-beb1-6afa11d63269&quot;
                },
                {
                    &quot;id&quot;: &quot;371d0edb-606f-5060-9394-aa93235b9684&quot;
                },
                {
                    &quot;id&quot;: &quot;58da1feb-6773-40a4-bb2c-2267f06c5689&quot;
                },
                {
                    &quot;id&quot;: &quot;8d113eea-6377-43fe-a4a7-43304d074a68&quot;
                },
                {
                    &quot;id&quot;: &quot;b6dbcf5f-d992-4499-b572-03f84b0034d7&quot;
                },
                {
                    &quot;id&quot;: &quot;66a91e44-147f-4977-a0ac-d64c4c872816&quot;
                },
                {
                    &quot;id&quot;: &quot;8d7177ef-0a7e-44b5-9a58-6c98c0968023&quot;
                },
                {
                    &quot;id&quot;: &quot;227ed2ea-3b75-4943-9929-d964d273b779&quot;
                },
                {
                    &quot;id&quot;: &quot;7b2f2b7b-bf5b-4ec9-81d2-ba5ab6b6f722&quot;
                },
                {
                    &quot;id&quot;: &quot;50929057-db58-4e4d-b6e9-d0a334c00b85&quot;
                },
                {
                    &quot;id&quot;: &quot;86f1d6f8-6a48-4e2c-8c1c-d3a9cbc794c2&quot;
                },
                {
                    &quot;id&quot;: &quot;7691bc4e-7b66-4400-9ce9-789f697ada59&quot;
                },
                {
                    &quot;id&quot;: &quot;7007a07e-9c8e-4773-a6f2-92340f67c13d&quot;
                },
                {
                    &quot;id&quot;: &quot;daf27e00-52a3-5f6f-890c-9d96b65fb3eb&quot;
                },
                {
                    &quot;id&quot;: &quot;762abd14-33dc-431e-9cc0-ea53d1aa4f35&quot;
                },
                {
                    &quot;id&quot;: &quot;8041cc9b-1edc-4395-88e0-2d8c1e4a6e0e&quot;
                },
                {
                    &quot;id&quot;: &quot;c0fa8aaa-8c65-485d-808f-8165e66d931d&quot;
                },
                {
                    &quot;id&quot;: &quot;3f72e7a5-3e51-4a2f-a567-eda6cb4d7734&quot;
                },
                {
                    &quot;id&quot;: &quot;367de685-425c-4d43-9330-c12428eb77e6&quot;
                },
                {
                    &quot;id&quot;: &quot;b852b5d8-31c6-49e9-8ff1-986a55356fa1&quot;
                },
                {
                    &quot;id&quot;: &quot;3c4b8156-ac6f-48c2-90c8-bc18e0e184b9&quot;
                },
                {
                    &quot;id&quot;: &quot;85186acd-6f35-432b-9fd7-5586c122151d&quot;
                },
                {
                    &quot;id&quot;: &quot;ba65a338-c7ea-48df-a75f-f66b59576260&quot;
                },
                {
                    &quot;id&quot;: &quot;fac832e0-e093-5f0b-b5e0-4abb7b4e4fa9&quot;
                },
                {
[...]
                },
                {
                    &quot;id&quot;: &quot;740a3b62-07ba-4958-9553-3f2d2317395c&quot;
                },
                {
                    &quot;id&quot;: &quot;fac832e0-e093-5f0b-b5e0-4abb7b4e4fa9&quot;
                },
                {
                    &quot;id&quot;: &quot;3b401dcb-9964-5e73-8d3e-8d6c2c48a288&quot;
                },
                {
                    &quot;id&quot;: &quot;5a28e968-c756-5767-9284-e39252a0517d&quot;
                },
                {
                    &quot;id&quot;: &quot;95e6524c-9692-4f20-99de-7e4a401a69e6&quot;
                },
                {
                    &quot;id&quot;: &quot;f7d91cb9-6766-5f89-a816-1fb16ad022c1&quot;
                },
                {
                    &quot;id&quot;: &quot;351388b3-4b00-4915-8554-7c2076363e74&quot;
                },
                {
                    &quot;id&quot;: &quot;80f3b9c3-a02e-5894-9465-e9338d4d0532&quot;
                },
                {
                    &quot;id&quot;: &quot;b5289d08-93e0-4c9b-aad0-edb888c8a849&quot;
                },
                {
                    &quot;id&quot;: &quot;60c41881-be5f-5a1f-8724-bcc180edcf02&quot;
                },
                {
                    &quot;id&quot;: &quot;9c5826c0-329c-54ce-b065-3826ae02b3ab&quot;
                },
                {
                    &quot;id&quot;: &quot;2e7fe0c6-9286-5952-ae61-15445e10a091&quot;
                },
                {
                    &quot;id&quot;: &quot;3c24b902-a35b-5fe5-b8ab-d2c983192cb6&quot;
                },
                {
                    &quot;id&quot;: &quot;edbe1e5e-ef24-4ab9-bfd1-b29c17df9f6f&quot;
                }
            ],
            &quot;location&quot;: null,
            &quot;byLine&quot;: null
        },
        {
            &quot;_id&quot;: &quot;h_aff26b3a61ceb2d014e0e8f42dd412a2&quot;,
            &quot;type&quot;: &quot;video&quot;,
            &quot;sourceId&quot;: &quot;video_8D537254-5949-9F62-647C-64A7DE5506F3&quot;,
            &quot;url&quot;: &quot;https://www.cnn.com/videos/politics/2018/10/11/kanye-west-trump-white-house-meeting-full-vpx.cnn&quot;,
            &quot;path&quot;: &quot;/videos/politics/2018/10/11/kanye-west-trump-white-house-meeting-full-vpx.cnn&quot;,
            &quot;source&quot;: &quot;cnn&quot;,
            &quot;contributors&quot;: [
                
            ],
            &quot;firstPublishDate&quot;: &quot;2018-10-11T20:43:09Z&quot;,
            &quot;lastModifiedDate&quot;: &quot;2018-10-11T23:00:21Z&quot;,
            &quot;headline&quot;: &quot;See Kanye and Trump&apos;s full White House meeting&quot;,
            &quot;section&quot;: &quot;politics&quot;,
            &quot;mappedSection&quot;: &quot;POLITICS&quot;,
            &quot;body&quot;: &quot;Kayne West met with President Trump at the White House and discussed an array of topics including criminal justice reform, job opportunities for ex-convicts and his Yeezy brand. &quot;,
            &quot;thumbnail&quot;: &quot;https://cdn.cnn.com/cnnnext/dam/assets/181011144005-04-trump-kanye-1011-story-body.jpg&quot;,
            &quot;trt&quot;: 1187.1871871871872,
            &quot;language&quot;: &quot;en&quot;,
            &quot;tags&quot;: [
                {
                    &quot;id&quot;: &quot;fd529c2d-a4f7-4f7e-b39a-850e8a28c03f&quot;
                },
                {
                    &quot;id&quot;: &quot;fbe98f94-1270-4f73-beb1-6afa11d63269&quot;
                },
                {
                    &quot;id&quot;: &quot;371d0edb-606f-5060-9394-aa93235b9684&quot;
                },
                {
                    &quot;id&quot;: &quot;58da1feb-6773-40a4-bb2c-2267f06c5689&quot;
                },
                {
                    &quot;id&quot;: &quot;8d113eea-6377-43fe-a4a7-43304d074a68&quot;
                },
                {
                    &quot;id&quot;: &quot;b6dbcf5f-d992-4499-b572-03f84b0034d7&quot;
                },
                {
                    &quot;id&quot;: &quot;66a91e44-147f-4977-a0ac-d64c4c872816&quot;
                },
                {
                    &quot;id&quot;: &quot;8d7177ef-0a7e-44b5-9a58-6c98c0968023&quot;
                },
                {
                    &quot;id&quot;: &quot;227ed2ea-3b75-4943-9929-d964d273b779&quot;
                },
                {
                    &quot;id&quot;: &quot;7b2f2b7b-bf5b-4ec9-81d2-ba5ab6b6f722&quot;
                },
                {
                    &quot;id&quot;: &quot;50929057-db58-4e4d-b6e9-d0a334c00b85&quot;
                },
                {
                    &quot;id&quot;: &quot;86f1d6f8-6a48-4e2c-8c1c-d3a9cbc794c2&quot;
                },
                {
                    &quot;id&quot;: &quot;7691bc4e-7b66-4400-9ce9-789f697ada59&quot;
                },
                {
                    &quot;id&quot;: &quot;7007a07e-9c8e-4773-a6f2-92340f67c13d&quot;
                },
                {
                    &quot;id&quot;: &quot;daf27e00-52a3-5f6f-890c-9d96b65fb3eb&quot;
                },
                {
                    &quot;id&quot;: &quot;762abd14-33dc-431e-9cc0-ea53d1aa4f35&quot;
                },
                {
                    &quot;id&quot;: &quot;8041cc9b-1edc-4395-88e0-2d8c1e4a6e0e&quot;
                },
                {
                    &quot;id&quot;: &quot;c0fa8aaa-8c65-485d-808f-8165e66d931d&quot;
                },
                {
                    &quot;id&quot;: &quot;3f72e7a5-3e51-4a2f-a567-eda6cb4d7734&quot;
                },
                {
                    &quot;id&quot;: &quot;367de685-425c-4d43-9330-c12428eb77e6&quot;
                },
                {
                    &quot;id&quot;: &quot;b852b5d8-31c6-49e9-8ff1-986a55356fa1&quot;
                },
                {
                    &quot;id&quot;: &quot;3c4b8156-ac6f-48c2-90c8-bc18e0e184b9&quot;
                },
                {
                    &quot;id&quot;: &quot;85186acd-6f35-432b-9fd7-5586c122151d&quot;
                },
                {
                    &quot;id&quot;: &quot;ba65a338-c7ea-48df-a75f-f66b59576260&quot;
                },
                {
                    &quot;id&quot;: &quot;fac832e0-e093-5f0b-b5e0-4abb7b4e4fa9&quot;
                },
                {
                    &quot;id&quot;: &quot;5a28e968-c756-5767-9284-e39252a0517d&quot;
                },
                {
                    &quot;id&quot;: &quot;5da77f4f-b1c0-4f34-85db-e9e8ec049abe&quot;
                },
                {
                    &quot;id&quot;: &quot;c753c773-f66f-52cb-ba12-1bdf4573b592&quot;
                },
                {
                    &quot;id&quot;: &quot;11586ce0-c706-519f-a588-0328e616224f&quot;
                },
                {
                    &quot;id&quot;: &quot;7a9e5fff-f987-5dc5-8ce2-17c778f6082f&quot;
                },
                {
                    &quot;id&quot;: &quot;c63da53d-e2b5-5514-979f-257a6ac91c96&quot;
                },
                {
                    &quot;id&quot;: &quot;7c58f73e-aea8-482c-88cc-fbf883162b7d&quot;
                },
                {
                    &quot;id&quot;: &quot;d73e719e-040c-4840-a2a6-c04b8310dfcb&quot;
                },
                {
                    &quot;id&quot;: &quot;9198e7bf-019d-4a75-942d-90b994e393c5&quot;
                },
                {
                    &quot;id&quot;: &quot;9b9aed9f-e3a5-479a-81e5-600f0b0cb607&quot;
                }
            ],
            &quot;location&quot;: null,
            &quot;byLine&quot;: null
        },
        {
            &quot;_id&quot;: &quot;h_f50facee15f0c12e8a384e2acf6b616d&quot;,
            &quot;type&quot;: &quot;video&quot;,
            &quot;sourceId&quot;: &quot;video_61444446-F758-3AB3-D389-6427BD172DFD&quot;,
            &quot;url&quot;: &quot;https://www.cnn.com/videos/politics/2018/10/11/kanye-west-trump-lunch-meeting-sot-vpx.cnn&quot;,
            &quot;path&quot;: &quot;/videos/politics/2018/10/11/kanye-west-trump-lunch-meeting-sot-vpx.cnn&quot;,
            &quot;source&quot;: &quot;cnn&quot;,
            &quot;contributors&quot;: [
                
            ],
            &quot;firstPublishDate&quot;: &quot;2018-10-11T18:18:38Z&quot;,
            &quot;lastModifiedDate&quot;: &quot;2018-10-11T18:18:38Z&quot;,
            &quot;headline&quot;: &quot;Kanye&apos;s monologue leaves Trump speechless&quot;,
            &quot;section&quot;: &quot;politics&quot;,
            &quot;mappedSection&quot;: &quot;POLITICS&quot;,
            &quot;body&quot;: &quot;Kayne West met with President Trump at the White House discussing an array of topics including criminal justice reform, job opportunities for ex-convicts and his Yeezy brand. &quot;,
            &quot;thumbnail&quot;: &quot;https://cdn.cnn.com/cnnnext/dam/assets/181011134755-kanye-trump-split-101118-story-body.jpg&quot;,
            &quot;trt&quot;: 447.84784784784785,
            &quot;language&quot;: &quot;en&quot;,
            &quot;tags&quot;: [
                {
                    &quot;id&quot;: &quot;fd529c2d-a4f7-4f7e-b39a-850e8a28c03f&quot;
                },
                {
                    &quot;id&quot;: &quot;a73205c1-746a-4c5f-9fe3-c4899509b137&quot;
                },
                {
                    &quot;id&quot;: &quot;fbe98f94-1270-4f73-beb1-6afa11d63269&quot;
                },
                {
                    &quot;id&quot;: &quot;58da1feb-6773-40a4-bb2c-2267f06c5689&quot;
                },
                {
                    &quot;id&quot;: &quot;8d113eea-6377-43fe-a4a7-43304d074a68&quot;
                },
                {
                    &quot;id&quot;: &quot;b6dbcf5f-d992-4499-b572-03f84b0034d7&quot;
                },
                {
                    &quot;id&quot;: &quot;66a91e44-147f-4977-a0ac-d64c4c872816&quot;
                },
                {
                    &quot;id&quot;: &quot;8d7177ef-0a7e-44b5-9a58-6c98c0968023&quot;
                },
                {
                    &quot;id&quot;: &quot;227ed2ea-3b75-4943-9929-d964d273b779&quot;
                },
                {
                    &quot;id&quot;: &quot;e4fcd038-b942-42d8-83ca-196f124ca67e&quot;
                },
                {
                    &quot;id&quot;: &quot;7b2f2b7b-bf5b-4ec9-81d2-ba5ab6b6f722&quot;
                },
                {
                    &quot;id&quot;: &quot;50929057-db58-4e4d-b6e9-d0a334c00b85&quot;
                },
                {
                    &quot;id&quot;: &quot;86f1d6f8-6a48-4e2c-8c1c-d3a9cbc794c2&quot;
                },
                {
                    &quot;id&quot;: &quot;7691bc4e-7b66-4400-9ce9-789f697ada59&quot;
                },
                {
                    &quot;id&quot;: &quot;7007a07e-9c8e-4773-a6f2-92340f67c13d&quot;
                },
                {
                    &quot;id&quot;: &quot;371d0edb-606f-5060-9394-aa93235b9684&quot;
                },
                {
                    &quot;id&quot;: &quot;0a43ce3b-5bb4-4de4-b58e-f924fe64b3a1&quot;
                },
                {
                    &quot;id&quot;: &quot;daf27e00-52a3-5f6f-890c-9d96b65fb3eb&quot;
                },
                {
                    &quot;id&quot;: &quot;762abd14-33dc-431e-9cc0-ea53d1aa4f35&quot;
                },
                {
                    &quot;id&quot;: &quot;8041cc9b-1edc-4395-88e0-2d8c1e4a6e0e&quot;
                },
                {
                    &quot;id&quot;: &quot;c0fa8aaa-8c65-485d-808f-8165e66d931d&quot;
                },
                {
                    &quot;id&quot;: &quot;3f72e7a5-3e51-4a2f-a567-eda6cb4d7734&quot;
                },
                {
                    &quot;id&quot;: &quot;367de685-425c-4d43-9330-c12428eb77e6&quot;
                },
                {
                    &quot;id&quot;: &quot;b852b5d8-31c6-49e9-8ff1-986a55356fa1&quot;
                },
                {
                    &quot;id&quot;: &quot;3c4b8156-ac6f-48c2-90c8-bc18e0e184b9&quot;
                },
                {
                    &quot;id&quot;: &quot;85186acd-6f35-432b-9fd7-5586c122151d&quot;
                },
                {
                    &quot;id&quot;: &quot;ba65a338-c7ea-48df-a75f-f66b59576260&quot;
                },
                {
                    &quot;id&quot;: &quot;fac832e0-e093-5f0b-b5e0-4abb7b4e4fa9&quot;
                },
                {
                    &quot;id&quot;: &quot;5a28e968-c756-5767-9284-e39252a0517d&quot;
                },
                {
                    &quot;id&quot;: &quot;5da77f4f-b1c0-4f34-85db-e9e8ec049abe&quot;
                },
                {
                    &quot;id&quot;: &quot;c753c773-f66f-52cb-ba12-1bdf4573b592&quot;
                },
                {
                    &quot;id&quot;: &quot;11586ce0-c706-519f-a588-0328e616224f&quot;
                },
                {
                    &quot;id&quot;: &quot;7a9e5fff-f987-5dc5-8ce2-17c778f6082f&quot;
                },
                {
                    &quot;id&quot;: &quot;c63da53d-e2b5-5514-979f-257a6ac91c96&quot;
                },
                {
                    &quot;id&quot;: &quot;7c58f73e-aea8-482c-88cc-fbf883162b7d&quot;
                },
                {
                    &quot;id&quot;: &quot;d73e719e-040c-4840-a2a6-c04b8310dfcb&quot;
                },
                {
                    &quot;id&quot;: &quot;0156f51c-0c01-5ad6-935b-852c861d6c2a&quot;
                },
                {
                    &quot;id&quot;: &quot;9198e7bf-019d-4a75-942d-90b994e393c5&quot;
                },
                {
                    &quot;id&quot;: &quot;bd7ac37a-ac39-4178-99cf-d642e85ef5ca&quot;
                }
            ]
        },
        {
            &quot;_id&quot;: &quot;h_831915a68f778639ad04b99f0344bc89&quot;,
            &quot;type&quot;: &quot;video&quot;,
            &quot;sourceId&quot;: &quot;4396&quot;,
            &quot;url&quot;: &quot;http://www.greatbigstory.com/stories/genesis-japan-hatchet-maker&quot;,
            &quot;path&quot;: &quot;/stories/genesis-japan-hatchet-maker&quot;,
            &quot;source&quot;: &quot;api.greatbigstory.com&quot;,
            &quot;contributors&quot;: [
                
            ],
            &quot;firstPublishDate&quot;: &quot;2018-10-10T07:23:33Z&quot;,
            &quot;lastModifiedDate&quot;: &quot;2018-10-10T07:23:33Z&quot;,
            &quot;headline&quot;: &quot;Carrying On the Blacksmith’s Torch&quot;,
            &quot;section&quot;: null,
            &quot;body&quot;: &quot;At 30-years-old, Yu Kikuchi was tired of his job. Working in an assembly line that made turbines, he was aching to find a new lease on life. So when he heard about 80-year-old master blacksmith Kosaku Matsumura who made “nata,” or Japanese hatchets, he knew he had found his calling. He moved to the countryside and asked Matsumura to take him on as an apprentice. While Kikuchi has less than thee years of experience under his belt compared to Matsumura&apos;s 50, the young man still hopes to one day be at the level of his master. When the time comes, he hopes to take on an apprentice of his own, passing on the blacksmith’s torch.\r\n\r\nThis Great Big Story was inspired by  Genesis.&quot;,
            &quot;thumbnail&quot;: &quot;&quot;,
            &quot;trt&quot;: 165,
            &quot;language&quot;: &quot;en&quot;
        },
        {
            &quot;_id&quot;: &quot;h_42a30b46e7f002f35077bdd0644a05b5&quot;,
            &quot;type&quot;: &quot;video&quot;,
            &quot;sourceId&quot;: &quot;video_E135C8D5-4D48-4BEC-2015-55009E7B7733&quot;,
            &quot;url&quot;: &quot;https://www.cnn.com/videos/business/2018/10/08/who-is-hope-hicks-orig-vstan-jm.cnn&quot;,
            &quot;path&quot;: &quot;/videos/business/2018/10/08/who-is-hope-hicks-orig-vstan-jm.cnn&quot;,
            &quot;source&quot;: &quot;cnn&quot;,
            &quot;contributors&quot;: [
                
            ],
            &quot;firstPublishDate&quot;: &quot;2018-10-08T19:35:04Z&quot;,
            &quot;lastModifiedDate&quot;: &quot;2018-10-08T23:39:36Z&quot;,
            &quot;headline&quot;: &quot;Who is Hope Hicks?&quot;,
            &quot;section&quot;: &quot;business&quot;,
            &quot;mappedSection&quot;: &quot;BUSINESS&quot;,
            &quot;body&quot;: &quot;Former Trump White House communications director Hope Hicks has landed a new job at FOX.&quot;,
            &quot;thumbnail&quot;: &quot;https://cdn.cnn.com/cnnnext/dam/assets/181008112458-01-hope-hicks-fox-100818-story-body.jpg&quot;,
            &quot;trt&quot;: 79.87987987987988,
            &quot;language&quot;: &quot;en&quot;,
            &quot;tags&quot;: [
                {
                    &quot;id&quot;: &quot;fbe98f94-1270-4f73-beb1-6afa11d63269&quot;
                },
                {
                    &quot;id&quot;: &quot;8d113eea-6377-43fe-a4a7-43304d074a68&quot;
                },
                {
                    &quot;id&quot;: &quot;b8d3bb14-684d-42bf-9450-fa15d7ffac81&quot;
                },
                {
                    &quot;id&quot;: &quot;66a91e44-147f-4977-a0ac-d64c4c872816&quot;
                },
                {
                    &quot;id&quot;: &quot;7691bc4e-7b66-4400-9ce9-789f697ada59&quot;
                },
                {
                    &quot;id&quot;: &quot;5a28e968-c756-5767-9284-e39252a0517d&quot;
                },
                {
                    &quot;id&quot;: &quot;7007a07e-9c8e-4773-a6f2-92340f67c13d&quot;
                },
                {
                    &quot;id&quot;: &quot;8041cc9b-1edc-4395-88e0-2d8c1e4a6e0e&quot;
                },
                {
                    &quot;id&quot;: &quot;c0fa8aaa-8c65-485d-808f-8165e66d931d&quot;
                },
                {
                    &quot;id&quot;: &quot;3f72e7a5-3e51-4a2f-a567-eda6cb4d7734&quot;
                },
                {
                    &quot;id&quot;: &quot;367de685-425c-4d43-9330-c12428eb77e6&quot;
                },
                {
                    &quot;id&quot;: &quot;b852b5d8-31c6-49e9-8ff1-986a55356fa1&quot;
                },
                {
                    &quot;id&quot;: &quot;85186acd-6f35-432b-9fd7-5586c122151d&quot;
                },
                {
                    &quot;id&quot;: &quot;5513f688-c810-4746-9612-5d9aa4fab994&quot;
                },
                {
                    &quot;id&quot;: &quot;ba65a338-c7ea-48df-a75f-f66b59576260&quot;
                },
                {
                    &quot;id&quot;: &quot;fac832e0-e093-5f0b-b5e0-4abb7b4e4fa9&quot;
                },
                {
                    &quot;id&quot;: &quot;c753c773-f66f-52cb-ba12-1bdf4573b592&quot;
                },
                {
                    &quot;id&quot;: &quot;7a9e5fff-f987-5dc5-8ce2-17c778f6082f&quot;
                },
                {
                    &quot;id&quot;: &quot;d73e719e-040c-4840-a2a6-c04b8310dfcb&quot;
                },
                {
                    &quot;id&quot;: &quot;626c05ff-4e48-4d81-ae36-156bf7b25eef&quot;
                }
            ],
            &quot;location&quot;: null,
            &quot;byLine&quot;: null
        }
    ],
    &quot;meta&quot;: {
        &quot;start&quot;: 1,
        &quot;end&quot;: 10,
        &quot;total&quot;: 10,
        &quot;of&quot;: 1313,
        &quot;maxScore&quot;: null,
        &quot;duration&quot;: 22
    }
}
</system-out>
    <system-err>Starting ChromeDriver 2.41.578737 (49da6702b16031c40d63e5618de03a32ff6c197e) on port 26376
Only local connections are allowed.
окт 30, 2018 1:08:09 AM org.openqa.selenium.remote.ProtocolHandshake createSession
INFO: Detected dialect: OSS
</system-err>
  </testcase>
</testsuite>